<?xml version="1.0" encoding="UTF-8"?>
<testsuite xmlns:xsi="http://www.w3.org/2001/XMLSchema-instance" xsi:noNamespaceSchemaLocation="https://maven.apache.org/surefire/maven-failsafe-plugin/xsd/failsafe-test-report-3.0.xsd" version="3.0" name="com.aderenchuk.brest.dao.jdbc.TourDaoJdbcIT" time="2.401" tests="7" errors="0" skipped="0" failures="0">
  <properties>
[...]
</properties>
  <testcase name="createTourWithSameNameTest" classname="com.aderenchuk.brest.dao.jdbc.TourDaoJdbcIT" time="0.613"/>
  <testcase name="findAllTest" classname="com.aderenchuk.brest.dao.jdbc.TourDaoJdbcIT" time="0.036"/>
  <testcase name="updateTourTest" classname="com.aderenchuk.brest.dao.jdbc.TourDaoJdbcIT" time="0.044"/>
  <testcase name="createTourTest" classname="com.aderenchuk.brest.dao.jdbc.TourDaoJdbcIT" time="0.028"/>
  <testcase name="findByIdExceptionalTest" classname="com.aderenchuk.brest.dao.jdbc.TourDaoJdbcIT" time="0.026"/>
  <testcase name="createTourWithSameNameDifferentCaseTest" classname="com.aderenchuk.brest.dao.jdbc.TourDaoJdbcIT" time="0.022"/>
  <testcase name="findByIdTest" classname="com.aderenchuk.brest.dao.jdbc.TourDaoJdbcIT" time="0.018"/>
</testsuite>