<?xml version="1.0" encoding="UTF-8"?>
<testsuite xmlns:xsi="http://www.w3.org/2001/XMLSchema-instance" xsi:noNamespaceSchemaLocation="https://maven.apache.org/surefire/maven-failsafe-plugin/xsd/failsafe-test-report-3.0.xsd" version="3.0" name="com.aderenchuk.brest.service.web_app.TourControllerIT" time="6.287" tests="7" errors="7" skipped="0" failures="0">
  <properties>
[...]
</properties>
  <testcase name="shouldAddNewTour" classname="com.aderenchuk.brest.service.web_app.TourControllerIT" time="0.004">
    <error type="java.lang.IllegalStateException"><![CDATA[java.lang.IllegalStateException: Failed to load ApplicationContext
Caused by: org.springframework.beans.factory.UnsatisfiedDependencyException: 
Error creating bean with name 'tourController' defined in file [/home/artem/IdeaProjects/aderenchuk-travel.agency/web-app/target/classes/com/aderenchuk/brest/service/web_app/TourController.class]: Unsatisfied dependency expressed through constructor parameter 0; nested exception is org.springframework.beans.factory.UnsatisfiedDependencyException: Error creating bean with name 'tourDtoServiceImpl' defined in URL [jar:file:/home/artem/IdeaProjects/aderenchuk-travel.agency/service/target/service-1.0-SNAPSHOT.jar!/com/aderenchuk/brest/service/impl/TourDtoServiceImpl.class]: Unsatisfied dependency expressed through constructor parameter 0; nested exception is org.springframework.beans.factory.UnsatisfiedDependencyException: Error creating bean with name 'tourDtoDaoJdbc' defined in URL [jar:file:/home/artem/IdeaProjects/aderenchuk-travel.agency/dao/target/dao-1.0-SNAPSHOT.jar!/com/aderenchuk/brest/dao/jdbc/TourDtoDaoJdbc.class]: Unsatisfied dependency expressed through constructor parameter 0; nested exception is org.springframework.beans.factory.BeanCreationException: Error creating bean with name 'dataSource': Post-processing of FactoryBean's singleton object failed; nested exception is org.springframework.beans.factory.BeanCreationException: Error creating bean with name 'org.springframework.boot.autoconfigure.jdbc.DataSourceInitializerInvoker': Invocation of init method failed; nested exception is org.springframework.jdbc.datasource.init.ScriptStatementFailedException: Failed to execute SQL script statement #1 of URL [jar:file:/home/artem/IdeaProjects/aderenchuk-travel.agency/test-db/target/test-db-1.0-SNAPSHOT.jar!/data.sql]: INSERT INTO TOUR (TOUR_ID, DIRECTION, DATE_TOUR) VALUES (101, 'BREST-MOSCOW', '2021-08-01'), (102, 'MINSK-ROME', '2021-08-01'), (103, 'MOSCOW-BARCELONA', '2021-06-15'), (104, 'MINSK-RIGA', '2021-07-02'), (105, 'MINSK-DUBAI', '2021-05-25'); nested exception is org.h2.jdbc.JdbcSQLIntegrityConstraintViolationException: Нарушение уникального индекса или первичного ключа: "PRIMARY KEY ON PUBLIC.TOUR(TOUR_ID) [101, 'BREST-MOSCOW', DATE '2021-08-01']"
Unique index or primary key violation: "PRIMARY KEY ON PUBLIC.TOUR(TOUR_ID) [101, 'BREST-MOSCOW', DATE '2021-08-01']"; SQL statement:
INSERT INTO TOUR (TOUR_ID, DIRECTION, DATE_TOUR) VALUES (101, 'BREST-MOSCOW', '2021-08-01'), (102, 'MINSK-ROME', '2021-08-01'), (103, 'MOSCOW-BARCELONA', '2021-06-15'), (104, 'MINSK-RIGA', '2021-07-02'), (105, 'MINSK-DUBAI', '2021-05-25') [23505-200]
Caused by: org.springframework.beans.factory.UnsatisfiedDependencyException: 
Error creating bean with name 'tourDtoServiceImpl' defined in URL [jar:file:/home/artem/IdeaProjects/aderenchuk-travel.agency/service/target/service-1.0-SNAPSHOT.jar!/com/aderenchuk/brest/service/impl/TourDtoServiceImpl.class]: Unsatisfied dependency expressed through constructor parameter 0; nested exception is org.springframework.beans.factory.UnsatisfiedDependencyException: Error creating bean with name 'tourDtoDaoJdbc' defined in URL [jar:file:/home/artem/IdeaProjects/aderenchuk-travel.agency/dao/target/dao-1.0-SNAPSHOT.jar!/com/aderenchuk/brest/dao/jdbc/TourDtoDaoJdbc.class]: Unsatisfied dependency expressed through constructor parameter 0; nested exception is org.springframework.beans.factory.BeanCreationException: Error creating bean with name 'dataSource': Post-processing of FactoryBean's singleton object failed; nested exception is org.springframework.beans.factory.BeanCreationException: Error creating bean with name 'org.springframework.boot.autoconfigure.jdbc.DataSourceInitializerInvoker': Invocation of init method failed; nested exception is org.springframework.jdbc.datasource.init.ScriptStatementFailedException: Failed to execute SQL script statement #1 of URL [jar:file:/home/artem/IdeaProjects/aderenchuk-travel.agency/test-db/target/test-db-1.0-SNAPSHOT.jar!/data.sql]: INSERT INTO TOUR (TOUR_ID, DIRECTION, DATE_TOUR) VALUES (101, 'BREST-MOSCOW', '2021-08-01'), (102, 'MINSK-ROME', '2021-08-01'), (103, 'MOSCOW-BARCELONA', '2021-06-15'), (104, 'MINSK-RIGA', '2021-07-02'), (105, 'MINSK-DUBAI', '2021-05-25'); nested exception is org.h2.jdbc.JdbcSQLIntegrityConstraintViolationException: Нарушение уникального индекса или первичного ключа: "PRIMARY KEY ON PUBLIC.TOUR(TOUR_ID) [101, 'BREST-MOSCOW', DATE '2021-08-01']"
Unique index or primary key violation: "PRIMARY KEY ON PUBLIC.TOUR(TOUR_ID) [101, 'BREST-MOSCOW', DATE '2021-08-01']"; SQL statement:
INSERT INTO TOUR (TOUR_ID, DIRECTION, DATE_TOUR) VALUES (101, 'BREST-MOSCOW', '2021-08-01'), (102, 'MINSK-ROME', '2021-08-01'), (103, 'MOSCOW-BARCELONA', '2021-06-15'), (104, 'MINSK-RIGA', '2021-07-02'), (105, 'MINSK-DUBAI', '2021-05-25') [23505-200]
Caused by: org.springframework.beans.factory.UnsatisfiedDependencyException: 
Error creating bean with name 'tourDtoDaoJdbc' defined in URL [jar:file:/home/artem/IdeaProjects/aderenchuk-travel.agency/dao/target/dao-1.0-SNAPSHOT.jar!/com/aderenchuk/brest/dao/jdbc/TourDtoDaoJdbc.class]: Unsatisfied dependency expressed through constructor parameter 0; nested exception is org.springframework.beans.factory.BeanCreationException: Error creating bean with name 'dataSource': Post-processing of FactoryBean's singleton object failed; nested exception is org.springframework.beans.factory.BeanCreationException: Error creating bean with name 'org.springframework.boot.autoconfigure.jdbc.DataSourceInitializerInvoker': Invocation of init method failed; nested exception is org.springframework.jdbc.datasource.init.ScriptStatementFailedException: Failed to execute SQL script statement #1 of URL [jar:file:/home/artem/IdeaProjects/aderenchuk-travel.agency/test-db/target/test-db-1.0-SNAPSHOT.jar!/data.sql]: INSERT INTO TOUR (TOUR_ID, DIRECTION, DATE_TOUR) VALUES (101, 'BREST-MOSCOW', '2021-08-01'), (102, 'MINSK-ROME', '2021-08-01'), (103, 'MOSCOW-BARCELONA', '2021-06-15'), (104, 'MINSK-RIGA', '2021-07-02'), (105, 'MINSK-DUBAI', '2021-05-25'); nested exception is org.h2.jdbc.JdbcSQLIntegrityConstraintViolationException: Нарушение уникального индекса или первичного ключа: "PRIMARY KEY ON PUBLIC.TOUR(TOUR_ID) [101, 'BREST-MOSCOW', DATE '2021-08-01']"
Unique index or primary key violation: "PRIMARY KEY ON PUBLIC.TOUR(TOUR_ID) [101, 'BREST-MOSCOW', DATE '2021-08-01']"; SQL statement:
INSERT INTO TOUR (TOUR_ID, DIRECTION, DATE_TOUR) VALUES (101, 'BREST-MOSCOW', '2021-08-01'), (102, 'MINSK-ROME', '2021-08-01'), (103, 'MOSCOW-BARCELONA', '2021-06-15'), (104, 'MINSK-RIGA', '2021-07-02'), (105, 'MINSK-DUBAI', '2021-05-25') [23505-200]
Caused by: org.springframework.beans.factory.BeanCreationException: 
Error creating bean with name 'dataSource': Post-processing of FactoryBean's singleton object failed; nested exception is org.springframework.beans.factory.BeanCreationException: Error creating bean with name 'org.springframework.boot.autoconfigure.jdbc.DataSourceInitializerInvoker': Invocation of init method failed; nested exception is org.springframework.jdbc.datasource.init.ScriptStatementFailedException: Failed to execute SQL script statement #1 of URL [jar:file:/home/artem/IdeaProjects/aderenchuk-travel.agency/test-db/target/test-db-1.0-SNAPSHOT.jar!/data.sql]: INSERT INTO TOUR (TOUR_ID, DIRECTION, DATE_TOUR) VALUES (101, 'BREST-MOSCOW', '2021-08-01'), (102, 'MINSK-ROME', '2021-08-01'), (103, 'MOSCOW-BARCELONA', '2021-06-15'), (104, 'MINSK-RIGA', '2021-07-02'), (105, 'MINSK-DUBAI', '2021-05-25'); nested exception is org.h2.jdbc.JdbcSQLIntegrityConstraintViolationException: Нарушение уникального индекса или первичного ключа: "PRIMARY KEY ON PUBLIC.TOUR(TOUR_ID) [101, 'BREST-MOSCOW', DATE '2021-08-01']"
Unique index or primary key violation: "PRIMARY KEY ON PUBLIC.TOUR(TOUR_ID) [101, 'BREST-MOSCOW', DATE '2021-08-01']"; SQL statement:
INSERT INTO TOUR (TOUR_ID, DIRECTION, DATE_TOUR) VALUES (101, 'BREST-MOSCOW', '2021-08-01'), (102, 'MINSK-ROME', '2021-08-01'), (103, 'MOSCOW-BARCELONA', '2021-06-15'), (104, 'MINSK-RIGA', '2021-07-02'), (105, 'MINSK-DUBAI', '2021-05-25') [23505-200]
Caused by: org.springframework.beans.factory.BeanCreationException: 
Error creating bean with name 'org.springframework.boot.autoconfigure.jdbc.DataSourceInitializerInvoker': Invocation of init method failed; nested exception is org.springframework.jdbc.datasource.init.ScriptStatementFailedException: Failed to execute SQL script statement #1 of URL [jar:file:/home/artem/IdeaProjects/aderenchuk-travel.agency/test-db/target/test-db-1.0-SNAPSHOT.jar!/data.sql]: INSERT INTO TOUR (TOUR_ID, DIRECTION, DATE_TOUR) VALUES (101, 'BREST-MOSCOW', '2021-08-01'), (102, 'MINSK-ROME', '2021-08-01'), (103, 'MOSCOW-BARCELONA', '2021-06-15'), (104, 'MINSK-RIGA', '2021-07-02'), (105, 'MINSK-DUBAI', '2021-05-25'); nested exception is org.h2.jdbc.JdbcSQLIntegrityConstraintViolationException: Нарушение уникального индекса или первичного ключа: "PRIMARY KEY ON PUBLIC.TOUR(TOUR_ID) [101, 'BREST-MOSCOW', DATE '2021-08-01']"
Unique index or primary key violation: "PRIMARY KEY ON PUBLIC.TOUR(TOUR_ID) [101, 'BREST-MOSCOW', DATE '2021-08-01']"; SQL statement:
INSERT INTO TOUR (TOUR_ID, DIRECTION, DATE_TOUR) VALUES (101, 'BREST-MOSCOW', '2021-08-01'), (102, 'MINSK-ROME', '2021-08-01'), (103, 'MOSCOW-BARCELONA', '2021-06-15'), (104, 'MINSK-RIGA', '2021-07-02'), (105, 'MINSK-DUBAI', '2021-05-25') [23505-200]
Caused by: org.springframework.jdbc.datasource.init.ScriptStatementFailedException: 
Failed to execute SQL script statement #1 of URL [jar:file:/home/artem/IdeaProjects/aderenchuk-travel.agency/test-db/target/test-db-1.0-SNAPSHOT.jar!/data.sql]: INSERT INTO TOUR (TOUR_ID, DIRECTION, DATE_TOUR) VALUES (101, 'BREST-MOSCOW', '2021-08-01'), (102, 'MINSK-ROME', '2021-08-01'), (103, 'MOSCOW-BARCELONA', '2021-06-15'), (104, 'MINSK-RIGA', '2021-07-02'), (105, 'MINSK-DUBAI', '2021-05-25'); nested exception is org.h2.jdbc.JdbcSQLIntegrityConstraintViolationException: Нарушение уникального индекса или первичного ключа: "PRIMARY KEY ON PUBLIC.TOUR(TOUR_ID) [101, 'BREST-MOSCOW', DATE '2021-08-01']"
Unique index or primary key violation: "PRIMARY KEY ON PUBLIC.TOUR(TOUR_ID) [101, 'BREST-MOSCOW', DATE '2021-08-01']"; SQL statement:
INSERT INTO TOUR (TOUR_ID, DIRECTION, DATE_TOUR) VALUES (101, 'BREST-MOSCOW', '2021-08-01'), (102, 'MINSK-ROME', '2021-08-01'), (103, 'MOSCOW-BARCELONA', '2021-06-15'), (104, 'MINSK-RIGA', '2021-07-02'), (105, 'MINSK-DUBAI', '2021-05-25') [23505-200]
Caused by: org.h2.jdbc.JdbcSQLIntegrityConstraintViolationException: 
Нарушение уникального индекса или первичного ключа: "PRIMARY KEY ON PUBLIC.TOUR(TOUR_ID) [101, 'BREST-MOSCOW', DATE '2021-08-01']"
Unique index or primary key violation: "PRIMARY KEY ON PUBLIC.TOUR(TOUR_ID) [101, 'BREST-MOSCOW', DATE '2021-08-01']"; SQL statement:
INSERT INTO TOUR (TOUR_ID, DIRECTION, DATE_TOUR) VALUES (101, 'BREST-MOSCOW', '2021-08-01'), (102, 'MINSK-ROME', '2021-08-01'), (103, 'MOSCOW-BARCELONA', '2021-06-15'), (104, 'MINSK-RIGA', '2021-07-02'), (105, 'MINSK-DUBAI', '2021-05-25') [23505-200]
]]></error>
    <system-out><![CDATA[22:11:40 [main] INFO  org.springframework.test.context.support.AbstractContextLoader - Could not detect default resource locations for test class [com.aderenchuk.brest.service.web_app.TourControllerIT]: no resource found for suffixes {-context.xml, Context.groovy}.
22:11:40 [main] INFO  org.springframework.boot.test.autoconfigure.jdbc.JdbcTestContextBootstrapper - Loaded default TestExecutionListener class names from location [META-INF/spring.factories]: [org.springframework.boot.test.mock.mockito.MockitoTestExecutionListener, org.springframework.boot.test.mock.mockito.ResetMocksTestExecutionListener, org.springframework.boot.test.autoconfigure.restdocs.RestDocsTestExecutionListener, org.springframework.boot.test.autoconfigure.web.client.MockRestServiceServerResetTestExecutionListener, org.springframework.boot.test.autoconfigure.web.servlet.MockMvcPrintOnlyOnFailureTestExecutionListener, org.springframework.boot.test.autoconfigure.web.servlet.WebDriverTestExecutionListener, org.springframework.boot.test.autoconfigure.webservices.client.MockWebServiceServerTestExecutionListener, org.springframework.test.context.web.ServletTestExecutionListener, org.springframework.test.context.support.DirtiesContextBeforeModesTestExecutionListener, org.springframework.test.context.event.ApplicationEventsTestExecutionListener, org.springframework.test.context.support.DependencyInjectionTestExecutionListener, org.springframework.test.context.support.DirtiesContextTestExecutionListener, org.springframework.test.context.transaction.TransactionalTestExecutionListener, org.springframework.test.context.jdbc.SqlScriptsTestExecutionListener, org.springframework.test.context.event.EventPublishingTestExecutionListener]
22:11:40 [main] INFO  org.springframework.boot.test.autoconfigure.jdbc.JdbcTestContextBootstrapper - Using TestExecutionListeners: [org.springframework.test.context.web.ServletTestExecutionListener@59a008ba, org.springframework.test.context.support.DirtiesContextBeforeModesTestExecutionListener@338c99c8, org.springframework.test.context.event.ApplicationEventsTestExecutionListener@21ba0741, org.springframework.boot.test.mock.mockito.MockitoTestExecutionListener@58ce9668, org.springframework.boot.test.autoconfigure.SpringBootDependencyInjectionTestExecutionListener@172b013, org.springframework.test.context.support.DirtiesContextTestExecutionListener@56673b2c, org.springframework.test.context.transaction.TransactionalTestExecutionListener@2796aeae, org.springframework.test.context.jdbc.SqlScriptsTestExecutionListener@b4711e2, org.springframework.test.context.event.EventPublishingTestExecutionListener@1fa1cab1, org.springframework.boot.test.mock.mockito.ResetMocksTestExecutionListener@70f02c32, org.springframework.boot.test.autoconfigure.restdocs.RestDocsTestExecutionListener@62010f5c, org.springframework.boot.test.autoconfigure.web.client.MockRestServiceServerResetTestExecutionListener@51fadaff, org.springframework.boot.test.autoconfigure.web.servlet.MockMvcPrintOnlyOnFailureTestExecutionListener@401f7633, org.springframework.boot.test.autoconfigure.web.servlet.WebDriverTestExecutionListener@31ff43be, org.springframework.boot.test.autoconfigure.webservices.client.MockWebServiceServerTestExecutionListener@5b6ec132]

  .   ____          _            __ _ _
 /\\ / ___'_ __ _ _(_)_ __  __ _ \ \ \ \
( ( )\___ | '_ | '_| | '_ \/ _` | \ \ \ \
 \\/  ___)| |_)| | | | | || (_| |  ) ) ) )
  '  |____| .__|_| |_|_| |_\__, | / / / /
 =========|_|==============|___/=/_/_/_/
 :: Spring Boot ::                (v2.4.4)

22:11:41 [main] INFO  com.aderenchuk.brest.service.web_app.TourControllerIT - Starting TourControllerIT using Java 11.0.10 on artem-HP-Laptop-15-bs0xx with PID 35492 (started by artem in /home/artem/IdeaProjects/aderenchuk-travel.agency/web-app)
22:11:41 [main] INFO  com.aderenchuk.brest.service.web_app.TourControllerIT - Starting TourControllerIT using Java 11.0.10 on artem-HP-Laptop-15-bs0xx with PID 35492 (started by artem in /home/artem/IdeaProjects/aderenchuk-travel.agency/web-app)
22:11:41 [main] DEBUG com.aderenchuk.brest.service.web_app.TourControllerIT - Running with Spring Boot v2.4.4, Spring v5.3.5
22:11:41 [main] DEBUG com.aderenchuk.brest.service.web_app.TourControllerIT - Running with Spring Boot v2.4.4, Spring v5.3.5
22:11:41 [main] INFO  com.aderenchuk.brest.service.web_app.TourControllerIT - No active profile set, falling back to default profiles: default
22:11:41 [main] INFO  com.aderenchuk.brest.service.web_app.TourControllerIT - No active profile set, falling back to default profiles: default
22:11:41 [main] INFO  org.springframework.boot.test.autoconfigure.jdbc.TestDatabaseAutoConfiguration$EmbeddedDataSourceBeanFactoryPostProcessor - Replacing 'dataSource' DataSource bean with embedded version
22:11:41 [main] INFO  org.springframework.jdbc.datasource.embedded.EmbeddedDatabaseFactory - Starting embedded database: url='jdbc:h2:mem:1ea13785-aa62-4b21-89f0-6d8dba869abb;DB_CLOSE_DELAY=-1;DB_CLOSE_ON_EXIT=false', username='sa'
22:11:41 [main] WARN  org.springframework.context.annotation.AnnotationConfigApplicationContext - Exception encountered during context initialization - cancelling refresh attempt: org.springframework.beans.factory.UnsatisfiedDependencyException: Error creating bean with name 'tourController' defined in file [/home/artem/IdeaProjects/aderenchuk-travel.agency/web-app/target/classes/com/aderenchuk/brest/service/web_app/TourController.class]: Unsatisfied dependency expressed through constructor parameter 0; nested exception is org.springframework.beans.factory.UnsatisfiedDependencyException: Error creating bean with name 'tourDtoServiceImpl' defined in URL [jar:file:/home/artem/IdeaProjects/aderenchuk-travel.agency/service/target/service-1.0-SNAPSHOT.jar!/com/aderenchuk/brest/service/impl/TourDtoServiceImpl.class]: Unsatisfied dependency expressed through constructor parameter 0; nested exception is org.springframework.beans.factory.UnsatisfiedDependencyException: Error creating bean with name 'tourDtoDaoJdbc' defined in URL [jar:file:/home/artem/IdeaProjects/aderenchuk-travel.agency/dao/target/dao-1.0-SNAPSHOT.jar!/com/aderenchuk/brest/dao/jdbc/TourDtoDaoJdbc.class]: Unsatisfied dependency expressed through constructor parameter 0; nested exception is org.springframework.beans.factory.BeanCreationException: Error creating bean with name 'dataSource': Post-processing of FactoryBean's singleton object failed; nested exception is org.springframework.beans.factory.BeanCreationException: Error creating bean with name 'org.springframework.boot.autoconfigure.jdbc.DataSourceInitializerInvoker': Invocation of init method failed; nested exception is org.springframework.jdbc.datasource.init.ScriptStatementFailedException: Failed to execute SQL script statement #1 of URL [jar:file:/home/artem/IdeaProjects/aderenchuk-travel.agency/test-db/target/test-db-1.0-SNAPSHOT.jar!/data.sql]: INSERT INTO TOUR (TOUR_ID, DIRECTION, DATE_TOUR) VALUES (101, 'BREST-MOSCOW', '2021-08-01'), (102, 'MINSK-ROME', '2021-08-01'), (103, 'MOSCOW-BARCELONA', '2021-06-15'), (104, 'MINSK-RIGA', '2021-07-02'), (105, 'MINSK-DUBAI', '2021-05-25'); nested exception is org.h2.jdbc.JdbcSQLIntegrityConstraintViolationException: Нарушение уникального индекса или первичного ключа: "PRIMARY KEY ON PUBLIC.TOUR(TOUR_ID) [101, 'BREST-MOSCOW', DATE '2021-08-01']"
Unique index or primary key violation: "PRIMARY KEY ON PUBLIC.TOUR(TOUR_ID) [101, 'BREST-MOSCOW', DATE '2021-08-01']"; SQL statement:
INSERT INTO TOUR (TOUR_ID, DIRECTION, DATE_TOUR) VALUES (101, 'BREST-MOSCOW', '2021-08-01'), (102, 'MINSK-ROME', '2021-08-01'), (103, 'MOSCOW-BARCELONA', '2021-06-15'), (104, 'MINSK-RIGA', '2021-07-02'), (105, 'MINSK-DUBAI', '2021-05-25') [23505-200]
22:11:41 [main] INFO  org.springframework.boot.autoconfigure.logging.ConditionEvaluationReportLoggingListener - 

Error starting ApplicationContext. To display the conditions report re-run your application with 'debug' enabled.
22:11:41 [main] ERROR org.springframework.boot.SpringApplication - Application run failed
org.springframework.beans.factory.UnsatisfiedDependencyException: Error creating bean with name 'tourController' defined in file [/home/artem/IdeaProjects/aderenchuk-travel.agency/web-app/target/classes/com/aderenchuk/brest/service/web_app/TourController.class]: Unsatisfied dependency expressed through constructor parameter 0; nested exception is org.springframework.beans.factory.UnsatisfiedDependencyException: Error creating bean with name 'tourDtoServiceImpl' defined in URL [jar:file:/home/artem/IdeaProjects/aderenchuk-travel.agency/service/target/service-1.0-SNAPSHOT.jar!/com/aderenchuk/brest/service/impl/TourDtoServiceImpl.class]: Unsatisfied dependency expressed through constructor parameter 0; nested exception is org.springframework.beans.factory.UnsatisfiedDependencyException: Error creating bean with name 'tourDtoDaoJdbc' defined in URL [jar:file:/home/artem/IdeaProjects/aderenchuk-travel.agency/dao/target/dao-1.0-SNAPSHOT.jar!/com/aderenchuk/brest/dao/jdbc/TourDtoDaoJdbc.class]: Unsatisfied dependency expressed through constructor parameter 0; nested exception is org.springframework.beans.factory.BeanCreationException: Error creating bean with name 'dataSource': Post-processing of FactoryBean's singleton object failed; nested exception is org.springframework.beans.factory.BeanCreationException: Error creating bean with name 'org.springframework.boot.autoconfigure.jdbc.DataSourceInitializerInvoker': Invocation of init method failed; nested exception is org.springframework.jdbc.datasource.init.ScriptStatementFailedException: Failed to execute SQL script statement #1 of URL [jar:file:/home/artem/IdeaProjects/aderenchuk-travel.agency/test-db/target/test-db-1.0-SNAPSHOT.jar!/data.sql]: INSERT INTO TOUR (TOUR_ID, DIRECTION, DATE_TOUR) VALUES (101, 'BREST-MOSCOW', '2021-08-01'), (102, 'MINSK-ROME', '2021-08-01'), (103, 'MOSCOW-BARCELONA', '2021-06-15'), (104, 'MINSK-RIGA', '2021-07-02'), (105, 'MINSK-DUBAI', '2021-05-25'); nested exception is org.h2.jdbc.JdbcSQLIntegrityConstraintViolationException: Нарушение уникального индекса или первичного ключа: "PRIMARY KEY ON PUBLIC.TOUR(TOUR_ID) [101, 'BREST-MOSCOW', DATE '2021-08-01']"
Unique index or primary key violation: "PRIMARY KEY ON PUBLIC.TOUR(TOUR_ID) [101, 'BREST-MOSCOW', DATE '2021-08-01']"; SQL statement:
INSERT INTO TOUR (TOUR_ID, DIRECTION, DATE_TOUR) VALUES (101, 'BREST-MOSCOW', '2021-08-01'), (102, 'MINSK-ROME', '2021-08-01'), (103, 'MOSCOW-BARCELONA', '2021-06-15'), (104, 'MINSK-RIGA', '2021-07-02'), (105, 'MINSK-DUBAI', '2021-05-25') [23505-200]
	at org.springframework.beans.factory.support.ConstructorResolver.createArgumentArray(ConstructorResolver.java:800)
	at org.springframework.beans.factory.support.ConstructorResolver.autowireConstructor(ConstructorResolver.java:229)
	at org.springframework.beans.factory.support.AbstractAutowireCapableBeanFactory.autowireConstructor(AbstractAutowireCapableBeanFactory.java:1354)
	at org.springframework.beans.factory.support.AbstractAutowireCapableBeanFactory.createBeanInstance(AbstractAutowireCapableBeanFactory.java:1204)
	at org.springframework.beans.factory.support.AbstractAutowireCapableBeanFactory.doCreateBean(AbstractAutowireCapableBeanFactory.java:564)
	at org.springframework.beans.factory.support.AbstractAutowireCapableBeanFactory.createBean(AbstractAutowireCapableBeanFactory.java:524)
	at org.springframework.beans.factory.support.AbstractBeanFactory.lambda$doGetBean$0(AbstractBeanFactory.java:335)
	at org.springframework.beans.factory.support.DefaultSingletonBeanRegistry.getSingleton(DefaultSingletonBeanRegistry.java:234)
	at org.springframework.beans.factory.support.AbstractBeanFactory.doGetBean(AbstractBeanFactory.java:333)
	at org.springframework.beans.factory.support.AbstractBeanFactory.getBean(AbstractBeanFactory.java:208)
	at org.springframework.beans.factory.support.DefaultListableBeanFactory.preInstantiateSingletons(DefaultListableBeanFactory.java:944)
	at org.springframework.context.support.AbstractApplicationContext.finishBeanFactoryInitialization(AbstractApplicationContext.java:918)
	at org.springframework.context.support.AbstractApplicationContext.refresh(AbstractApplicationContext.java:583)
	at org.springframework.boot.SpringApplication.refresh(SpringApplication.java:769)
	at org.springframework.boot.SpringApplication.refresh(SpringApplication.java:761)
	at org.springframework.boot.SpringApplication.refreshContext(SpringApplication.java:426)
	at org.springframework.boot.SpringApplication.run(SpringApplication.java:326)
	at org.springframework.boot.test.context.SpringBootContextLoader.loadContext(SpringBootContextLoader.java:123)
	at org.springframework.test.context.cache.DefaultCacheAwareContextLoaderDelegate.loadContextInternal(DefaultCacheAwareContextLoaderDelegate.java:99)
	at org.springframework.test.context.cache.DefaultCacheAwareContextLoaderDelegate.loadContext(DefaultCacheAwareContextLoaderDelegate.java:124)
	at org.springframework.test.context.support.DefaultTestContext.getApplicationContext(DefaultTestContext.java:124)
	at org.springframework.test.context.support.DependencyInjectionTestExecutionListener.injectDependencies(DependencyInjectionTestExecutionListener.java:118)
	at org.springframework.test.context.support.DependencyInjectionTestExecutionListener.prepareTestInstance(DependencyInjectionTestExecutionListener.java:83)
	at org.springframework.boot.test.autoconfigure.SpringBootDependencyInjectionTestExecutionListener.prepareTestInstance(SpringBootDependencyInjectionTestExecutionListener.java:43)
	at org.springframework.test.context.TestContextManager.prepareTestInstance(TestContextManager.java:244)
	at org.springframework.test.context.junit.jupiter.SpringExtension.postProcessTestInstance(SpringExtension.java:138)
	at org.junit.jupiter.engine.descriptor.ClassBasedTestDescriptor.lambda$invokeTestInstancePostProcessors$6(ClassBasedTestDescriptor.java:350)
	at org.junit.jupiter.engine.descriptor.ClassBasedTestDescriptor.executeAndMaskThrowable(ClassBasedTestDescriptor.java:355)
	at org.junit.jupiter.engine.descriptor.ClassBasedTestDescriptor.lambda$invokeTestInstancePostProcessors$7(ClassBasedTestDescriptor.java:350)
	at java.base/java.util.stream.ReferencePipeline$3$1.accept(ReferencePipeline.java:195)
	at java.base/java.util.stream.ReferencePipeline$2$1.accept(ReferencePipeline.java:177)
	at java.base/java.util.ArrayList$ArrayListSpliterator.forEachRemaining(ArrayList.java:1655)
	at java.base/java.util.stream.AbstractPipeline.copyInto(AbstractPipeline.java:484)
	at java.base/java.util.stream.AbstractPipeline.wrapAndCopyInto(AbstractPipeline.java:474)
	at java.base/java.util.stream.StreamSpliterators$WrappingSpliterator.forEachRemaining(StreamSpliterators.java:312)
	at java.base/java.util.stream.Streams$ConcatSpliterator.forEachRemaining(Streams.java:735)
	at java.base/java.util.stream.Streams$ConcatSpliterator.forEachRemaining(Streams.java:734)
	at java.base/java.util.stream.ReferencePipeline$Head.forEach(ReferencePipeline.java:658)
	at org.junit.jupiter.engine.descriptor.ClassBasedTestDescriptor.invokeTestInstancePostProcessors(ClassBasedTestDescriptor.java:349)
	at org.junit.jupiter.engine.descriptor.ClassBasedTestDescriptor.lambda$instantiateAndPostProcessTestInstance$4(ClassBasedTestDescriptor.java:270)
	at org.junit.platform.engine.support.hierarchical.ThrowableCollector.execute(ThrowableCollector.java:73)
	at org.junit.jupiter.engine.descriptor.ClassBasedTestDescriptor.instantiateAndPostProcessTestInstance(ClassBasedTestDescriptor.java:269)
	at org.junit.jupiter.engine.descriptor.ClassBasedTestDescriptor.lambda$testInstancesProvider$2(ClassBasedTestDescriptor.java:259)
	at java.base/java.util.Optional.orElseGet(Optional.java:369)
	at org.junit.jupiter.engine.descriptor.ClassBasedTestDescriptor.lambda$testInstancesProvider$3(ClassBasedTestDescriptor.java:258)
	at org.junit.jupiter.engine.execution.TestInstancesProvider.getTestInstances(TestInstancesProvider.java:31)
	at org.junit.jupiter.engine.descriptor.TestMethodTestDescriptor.lambda$prepare$0(TestMethodTestDescriptor.java:101)
	at org.junit.platform.engine.support.hierarchical.ThrowableCollector.execute(ThrowableCollector.java:73)
	at org.junit.jupiter.engine.descriptor.TestMethodTestDescriptor.prepare(TestMethodTestDescriptor.java:100)
	at org.junit.jupiter.engine.descriptor.TestMethodTestDescriptor.prepare(TestMethodTestDescriptor.java:65)
	at org.junit.platform.engine.support.hierarchical.NodeTestTask.lambda$prepare$1(NodeTestTask.java:111)
	at org.junit.platform.engine.support.hierarchical.ThrowableCollector.execute(ThrowableCollector.java:73)
	at org.junit.platform.engine.support.hierarchical.NodeTestTask.prepare(NodeTestTask.java:111)
	at org.junit.platform.engine.support.hierarchical.NodeTestTask.execute(NodeTestTask.java:79)
	at java.base/java.util.ArrayList.forEach(ArrayList.java:1541)
	at org.junit.platform.engine.support.hierarchical.SameThreadHierarchicalTestExecutorService.invokeAll(SameThreadHierarchicalTestExecutorService.java:38)
	at org.junit.platform.engine.support.hierarchical.NodeTestTask.lambda$executeRecursively$5(NodeTestTask.java:143)
	at org.junit.platform.engine.support.hierarchical.ThrowableCollector.execute(ThrowableCollector.java:73)
	at org.junit.platform.engine.support.hierarchical.NodeTestTask.lambda$executeRecursively$7(NodeTestTask.java:129)
	at org.junit.platform.engine.support.hierarchical.Node.around(Node.java:137)
	at org.junit.platform.engine.support.hierarchical.NodeTestTask.lambda$executeRecursively$8(NodeTestTask.java:127)
	at org.junit.platform.engine.support.hierarchical.ThrowableCollector.execute(ThrowableCollector.java:73)
	at org.junit.platform.engine.support.hierarchical.NodeTestTask.executeRecursively(NodeTestTask.java:126)
	at org.junit.platform.engine.support.hierarchical.NodeTestTask.execute(NodeTestTask.java:84)
	at java.base/java.util.ArrayList.forEach(ArrayList.java:1541)
	at org.junit.platform.engine.support.hierarchical.SameThreadHierarchicalTestExecutorService.invokeAll(SameThreadHierarchicalTestExecutorService.java:38)
	at org.junit.platform.engine.support.hierarchical.NodeTestTask.lambda$executeRecursively$5(NodeTestTask.java:143)
	at org.junit.platform.engine.support.hierarchical.ThrowableCollector.execute(ThrowableCollector.java:73)
	at org.junit.platform.engine.support.hierarchical.NodeTestTask.lambda$executeRecursively$7(NodeTestTask.java:129)
	at org.junit.platform.engine.support.hierarchical.Node.around(Node.java:137)
	at org.junit.platform.engine.support.hierarchical.NodeTestTask.lambda$executeRecursively$8(NodeTestTask.java:127)
	at org.junit.platform.engine.support.hierarchical.ThrowableCollector.execute(ThrowableCollector.java:73)
	at org.junit.platform.engine.support.hierarchical.NodeTestTask.executeRecursively(NodeTestTask.java:126)
	at org.junit.platform.engine.support.hierarchical.NodeTestTask.execute(NodeTestTask.java:84)
	at org.junit.platform.engine.support.hierarchical.SameThreadHierarchicalTestExecutorService.submit(SameThreadHierarchicalTestExecutorService.java:32)
	at org.junit.platform.engine.support.hierarchical.HierarchicalTestExecutor.execute(HierarchicalTestExecutor.java:57)
	at org.junit.platform.engine.support.hierarchical.HierarchicalTestEngine.execute(HierarchicalTestEngine.java:51)
	at org.junit.platform.launcher.core.EngineExecutionOrchestrator.execute(EngineExecutionOrchestrator.java:108)
	at org.junit.platform.launcher.core.EngineExecutionOrchestrator.execute(EngineExecutionOrchestrator.java:88)
	at org.junit.platform.launcher.core.EngineExecutionOrchestrator.lambda$execute$0(EngineExecutionOrchestrator.java:54)
	at org.junit.platform.launcher.core.EngineExecutionOrchestrator.withInterceptedStreams(EngineExecutionOrchestrator.java:67)
	at org.junit.platform.launcher.core.EngineExecutionOrchestrator.execute(EngineExecutionOrchestrator.java:52)
	at org.junit.platform.launcher.core.DefaultLauncher.execute(DefaultLauncher.java:96)
	at org.junit.platform.launcher.core.DefaultLauncher.execute(DefaultLauncher.java:75)
	at org.apache.maven.surefire.junitplatform.JUnitPlatformProvider.invokeAllTests(JUnitPlatformProvider.java:154)
	at org.apache.maven.surefire.junitplatform.JUnitPlatformProvider.invoke(JUnitPlatformProvider.java:127)
	at org.apache.maven.surefire.booter.ForkedBooter.runSuitesInProcess(ForkedBooter.java:377)
	at org.apache.maven.surefire.booter.ForkedBooter.execute(ForkedBooter.java:138)
	at org.apache.maven.surefire.booter.ForkedBooter.run(ForkedBooter.java:465)
	at org.apache.maven.surefire.booter.ForkedBooter.main(ForkedBooter.java:451)
Caused by: org.springframework.beans.factory.UnsatisfiedDependencyException: Error creating bean with name 'tourDtoServiceImpl' defined in URL [jar:file:/home/artem/IdeaProjects/aderenchuk-travel.agency/service/target/service-1.0-SNAPSHOT.jar!/com/aderenchuk/brest/service/impl/TourDtoServiceImpl.class]: Unsatisfied dependency expressed through constructor parameter 0; nested exception is org.springframework.beans.factory.UnsatisfiedDependencyException: Error creating bean with name 'tourDtoDaoJdbc' defined in URL [jar:file:/home/artem/IdeaProjects/aderenchuk-travel.agency/dao/target/dao-1.0-SNAPSHOT.jar!/com/aderenchuk/brest/dao/jdbc/TourDtoDaoJdbc.class]: Unsatisfied dependency expressed through constructor parameter 0; nested exception is org.springframework.beans.factory.BeanCreationException: Error creating bean with name 'dataSource': Post-processing of FactoryBean's singleton object failed; nested exception is org.springframework.beans.factory.BeanCreationException: Error creating bean with name 'org.springframework.boot.autoconfigure.jdbc.DataSourceInitializerInvoker': Invocation of init method failed; nested exception is org.springframework.jdbc.datasource.init.ScriptStatementFailedException: Failed to execute SQL script statement #1 of URL [jar:file:/home/artem/IdeaProjects/aderenchuk-travel.agency/test-db/target/test-db-1.0-SNAPSHOT.jar!/data.sql]: INSERT INTO TOUR (TOUR_ID, DIRECTION, DATE_TOUR) VALUES (101, 'BREST-MOSCOW', '2021-08-01'), (102, 'MINSK-ROME', '2021-08-01'), (103, 'MOSCOW-BARCELONA', '2021-06-15'), (104, 'MINSK-RIGA', '2021-07-02'), (105, 'MINSK-DUBAI', '2021-05-25'); nested exception is org.h2.jdbc.JdbcSQLIntegrityConstraintViolationException: Нарушение уникального индекса или первичного ключа: "PRIMARY KEY ON PUBLIC.TOUR(TOUR_ID) [101, 'BREST-MOSCOW', DATE '2021-08-01']"
Unique index or primary key violation: "PRIMARY KEY ON PUBLIC.TOUR(TOUR_ID) [101, 'BREST-MOSCOW', DATE '2021-08-01']"; SQL statement:
INSERT INTO TOUR (TOUR_ID, DIRECTION, DATE_TOUR) VALUES (101, 'BREST-MOSCOW', '2021-08-01'), (102, 'MINSK-ROME', '2021-08-01'), (103, 'MOSCOW-BARCELONA', '2021-06-15'), (104, 'MINSK-RIGA', '2021-07-02'), (105, 'MINSK-DUBAI', '2021-05-25') [23505-200]
	at org.springframework.beans.factory.support.ConstructorResolver.createArgumentArray(ConstructorResolver.java:800)
	at org.springframework.beans.factory.support.ConstructorResolver.autowireConstructor(ConstructorResolver.java:229)
	at org.springframework.beans.factory.support.AbstractAutowireCapableBeanFactory.autowireConstructor(AbstractAutowireCapableBeanFactory.java:1354)
	at org.springframework.beans.factory.support.AbstractAutowireCapableBeanFactory.createBeanInstance(AbstractAutowireCapableBeanFactory.java:1204)
	at org.springframework.beans.factory.support.AbstractAutowireCapableBeanFactory.doCreateBean(AbstractAutowireCapableBeanFactory.java:564)
	at org.springframework.beans.factory.support.AbstractAutowireCapableBeanFactory.createBean(AbstractAutowireCapableBeanFactory.java:524)
	at org.springframework.beans.factory.support.AbstractBeanFactory.lambda$doGetBean$0(AbstractBeanFactory.java:335)
	at org.springframework.beans.factory.support.DefaultSingletonBeanRegistry.getSingleton(DefaultSingletonBeanRegistry.java:234)
	at org.springframework.beans.factory.support.AbstractBeanFactory.doGetBean(AbstractBeanFactory.java:333)
	at org.springframework.beans.factory.support.AbstractBeanFactory.getBean(AbstractBeanFactory.java:208)
	at org.springframework.beans.factory.config.DependencyDescriptor.resolveCandidate(DependencyDescriptor.java:276)
	at org.springframework.beans.factory.support.DefaultListableBeanFactory.doResolveDependency(DefaultListableBeanFactory.java:1380)
	at org.springframework.beans.factory.support.DefaultListableBeanFactory.resolveDependency(DefaultListableBeanFactory.java:1300)
	at org.springframework.beans.factory.support.ConstructorResolver.resolveAutowiredArgument(ConstructorResolver.java:887)
	at org.springframework.beans.factory.support.ConstructorResolver.createArgumentArray(ConstructorResolver.java:791)
	... 89 common frames omitted
Caused by: org.springframework.beans.factory.UnsatisfiedDependencyException: Error creating bean with name 'tourDtoDaoJdbc' defined in URL [jar:file:/home/artem/IdeaProjects/aderenchuk-travel.agency/dao/target/dao-1.0-SNAPSHOT.jar!/com/aderenchuk/brest/dao/jdbc/TourDtoDaoJdbc.class]: Unsatisfied dependency expressed through constructor parameter 0; nested exception is org.springframework.beans.factory.BeanCreationException: Error creating bean with name 'dataSource': Post-processing of FactoryBean's singleton object failed; nested exception is org.springframework.beans.factory.BeanCreationException: Error creating bean with name 'org.springframework.boot.autoconfigure.jdbc.DataSourceInitializerInvoker': Invocation of init method failed; nested exception is org.springframework.jdbc.datasource.init.ScriptStatementFailedException: Failed to execute SQL script statement #1 of URL [jar:file:/home/artem/IdeaProjects/aderenchuk-travel.agency/test-db/target/test-db-1.0-SNAPSHOT.jar!/data.sql]: INSERT INTO TOUR (TOUR_ID, DIRECTION, DATE_TOUR) VALUES (101, 'BREST-MOSCOW', '2021-08-01'), (102, 'MINSK-ROME', '2021-08-01'), (103, 'MOSCOW-BARCELONA', '2021-06-15'), (104, 'MINSK-RIGA', '2021-07-02'), (105, 'MINSK-DUBAI', '2021-05-25'); nested exception is org.h2.jdbc.JdbcSQLIntegrityConstraintViolationException: Нарушение уникального индекса или первичного ключа: "PRIMARY KEY ON PUBLIC.TOUR(TOUR_ID) [101, 'BREST-MOSCOW', DATE '2021-08-01']"
Unique index or primary key violation: "PRIMARY KEY ON PUBLIC.TOUR(TOUR_ID) [101, 'BREST-MOSCOW', DATE '2021-08-01']"; SQL statement:
INSERT INTO TOUR (TOUR_ID, DIRECTION, DATE_TOUR) VALUES (101, 'BREST-MOSCOW', '2021-08-01'), (102, 'MINSK-ROME', '2021-08-01'), (103, 'MOSCOW-BARCELONA', '2021-06-15'), (104, 'MINSK-RIGA', '2021-07-02'), (105, 'MINSK-DUBAI', '2021-05-25') [23505-200]
	at org.springframework.beans.factory.support.ConstructorResolver.createArgumentArray(ConstructorResolver.java:800)
	at org.springframework.beans.factory.support.ConstructorResolver.autowireConstructor(ConstructorResolver.java:229)
	at org.springframework.beans.factory.support.AbstractAutowireCapableBeanFactory.autowireConstructor(AbstractAutowireCapableBeanFactory.java:1354)
	at org.springframework.beans.factory.support.AbstractAutowireCapableBeanFactory.createBeanInstance(AbstractAutowireCapableBeanFactory.java:1204)
	at org.springframework.beans.factory.support.AbstractAutowireCapableBeanFactory.doCreateBean(AbstractAutowireCapableBeanFactory.java:564)
	at org.springframework.beans.factory.support.AbstractAutowireCapableBeanFactory.createBean(AbstractAutowireCapableBeanFactory.java:524)
	at org.springframework.beans.factory.support.AbstractBeanFactory.lambda$doGetBean$0(AbstractBeanFactory.java:335)
	at org.springframework.beans.factory.support.DefaultSingletonBeanRegistry.getSingleton(DefaultSingletonBeanRegistry.java:234)
	at org.springframework.beans.factory.support.AbstractBeanFactory.doGetBean(AbstractBeanFactory.java:333)
	at org.springframework.beans.factory.support.AbstractBeanFactory.getBean(AbstractBeanFactory.java:208)
	at org.springframework.beans.factory.config.DependencyDescriptor.resolveCandidate(DependencyDescriptor.java:276)
	at org.springframework.beans.factory.support.DefaultListableBeanFactory.doResolveDependency(DefaultListableBeanFactory.java:1380)
	at org.springframework.beans.factory.support.DefaultListableBeanFactory.resolveDependency(DefaultListableBeanFactory.java:1300)
	at org.springframework.beans.factory.support.ConstructorResolver.resolveAutowiredArgument(ConstructorResolver.java:887)
	at org.springframework.beans.factory.support.ConstructorResolver.createArgumentArray(ConstructorResolver.java:791)
	... 103 common frames omitted
Caused by: org.springframework.beans.factory.BeanCreationException: Error creating bean with name 'dataSource': Post-processing of FactoryBean's singleton object failed; nested exception is org.springframework.beans.factory.BeanCreationException: Error creating bean with name 'org.springframework.boot.autoconfigure.jdbc.DataSourceInitializerInvoker': Invocation of init method failed; nested exception is org.springframework.jdbc.datasource.init.ScriptStatementFailedException: Failed to execute SQL script statement #1 of URL [jar:file:/home/artem/IdeaProjects/aderenchuk-travel.agency/test-db/target/test-db-1.0-SNAPSHOT.jar!/data.sql]: INSERT INTO TOUR (TOUR_ID, DIRECTION, DATE_TOUR) VALUES (101, 'BREST-MOSCOW', '2021-08-01'), (102, 'MINSK-ROME', '2021-08-01'), (103, 'MOSCOW-BARCELONA', '2021-06-15'), (104, 'MINSK-RIGA', '2021-07-02'), (105, 'MINSK-DUBAI', '2021-05-25'); nested exception is org.h2.jdbc.JdbcSQLIntegrityConstraintViolationException: Нарушение уникального индекса или первичного ключа: "PRIMARY KEY ON PUBLIC.TOUR(TOUR_ID) [101, 'BREST-MOSCOW', DATE '2021-08-01']"
Unique index or primary key violation: "PRIMARY KEY ON PUBLIC.TOUR(TOUR_ID) [101, 'BREST-MOSCOW', DATE '2021-08-01']"; SQL statement:
INSERT INTO TOUR (TOUR_ID, DIRECTION, DATE_TOUR) VALUES (101, 'BREST-MOSCOW', '2021-08-01'), (102, 'MINSK-ROME', '2021-08-01'), (103, 'MOSCOW-BARCELONA', '2021-06-15'), (104, 'MINSK-RIGA', '2021-07-02'), (105, 'MINSK-DUBAI', '2021-05-25') [23505-200]
	at org.springframework.beans.factory.support.FactoryBeanRegistrySupport.getObjectFromFactoryBean(FactoryBeanRegistrySupport.java:119)
	at org.springframework.beans.factory.support.AbstractBeanFactory.getObjectForBeanInstance(AbstractBeanFactory.java:1884)
	at org.springframework.beans.factory.support.AbstractAutowireCapableBeanFactory.getObjectForBeanInstance(AbstractAutowireCapableBeanFactory.java:1266)
	at org.springframework.beans.factory.support.AbstractBeanFactory.doGetBean(AbstractBeanFactory.java:345)
	at org.springframework.beans.factory.support.AbstractBeanFactory.getBean(AbstractBeanFactory.java:208)
	at org.springframework.beans.factory.config.DependencyDescriptor.resolveCandidate(DependencyDescriptor.java:276)
	at org.springframework.beans.factory.support.DefaultListableBeanFactory.doResolveDependency(DefaultListableBeanFactory.java:1380)
	at org.springframework.beans.factory.support.DefaultListableBeanFactory.resolveDependency(DefaultListableBeanFactory.java:1300)
	at org.springframework.beans.factory.support.ConstructorResolver.resolveAutowiredArgument(ConstructorResolver.java:887)
	at org.springframework.beans.factory.support.ConstructorResolver.createArgumentArray(ConstructorResolver.java:791)
	... 117 common frames omitted
Caused by: org.springframework.beans.factory.BeanCreationException: Error creating bean with name 'org.springframework.boot.autoconfigure.jdbc.DataSourceInitializerInvoker': Invocation of init method failed; nested exception is org.springframework.jdbc.datasource.init.ScriptStatementFailedException: Failed to execute SQL script statement #1 of URL [jar:file:/home/artem/IdeaProjects/aderenchuk-travel.agency/test-db/target/test-db-1.0-SNAPSHOT.jar!/data.sql]: INSERT INTO TOUR (TOUR_ID, DIRECTION, DATE_TOUR) VALUES (101, 'BREST-MOSCOW', '2021-08-01'), (102, 'MINSK-ROME', '2021-08-01'), (103, 'MOSCOW-BARCELONA', '2021-06-15'), (104, 'MINSK-RIGA', '2021-07-02'), (105, 'MINSK-DUBAI', '2021-05-25'); nested exception is org.h2.jdbc.JdbcSQLIntegrityConstraintViolationException: Нарушение уникального индекса или первичного ключа: "PRIMARY KEY ON PUBLIC.TOUR(TOUR_ID) [101, 'BREST-MOSCOW', DATE '2021-08-01']"
Unique index or primary key violation: "PRIMARY KEY ON PUBLIC.TOUR(TOUR_ID) [101, 'BREST-MOSCOW', DATE '2021-08-01']"; SQL statement:
INSERT INTO TOUR (TOUR_ID, DIRECTION, DATE_TOUR) VALUES (101, 'BREST-MOSCOW', '2021-08-01'), (102, 'MINSK-ROME', '2021-08-01'), (103, 'MOSCOW-BARCELONA', '2021-06-15'), (104, 'MINSK-RIGA', '2021-07-02'), (105, 'MINSK-DUBAI', '2021-05-25') [23505-200]
	at org.springframework.beans.factory.support.AbstractAutowireCapableBeanFactory.initializeBean(AbstractAutowireCapableBeanFactory.java:1786)
	at org.springframework.beans.factory.support.AbstractAutowireCapableBeanFactory.doCreateBean(AbstractAutowireCapableBeanFactory.java:602)
	at org.springframework.beans.factory.support.AbstractAutowireCapableBeanFactory.createBean(AbstractAutowireCapableBeanFactory.java:524)
	at org.springframework.beans.factory.support.AbstractBeanFactory.lambda$doGetBean$0(AbstractBeanFactory.java:335)
	at org.springframework.beans.factory.support.DefaultSingletonBeanRegistry.getSingleton(DefaultSingletonBeanRegistry.java:234)
	at org.springframework.beans.factory.support.AbstractBeanFactory.doGetBean(AbstractBeanFactory.java:333)
	at org.springframework.beans.factory.support.AbstractBeanFactory.getBean(AbstractBeanFactory.java:233)
	at org.springframework.beans.factory.support.DefaultListableBeanFactory.resolveNamedBean(DefaultListableBeanFactory.java:1273)
	at org.springframework.beans.factory.support.DefaultListableBeanFactory.resolveNamedBean(DefaultListableBeanFactory.java:1234)
	at org.springframework.beans.factory.support.DefaultListableBeanFactory.resolveBean(DefaultListableBeanFactory.java:494)
	at org.springframework.beans.factory.support.DefaultListableBeanFactory.getBean(DefaultListableBeanFactory.java:349)
	at org.springframework.beans.factory.support.DefaultListableBeanFactory.getBean(DefaultListableBeanFactory.java:342)
	at org.springframework.boot.autoconfigure.jdbc.DataSourceInitializerPostProcessor.postProcessAfterInitialization(DataSourceInitializerPostProcessor.java:51)
	at org.springframework.beans.factory.support.AbstractAutowireCapableBeanFactory.applyBeanPostProcessorsAfterInitialization(AbstractAutowireCapableBeanFactory.java:437)
	at org.springframework.beans.factory.support.AbstractAutowireCapableBeanFactory.postProcessObjectFromFactoryBean(AbstractAutowireCapableBeanFactory.java:1929)
	at org.springframework.beans.factory.support.FactoryBeanRegistrySupport.getObjectFromFactoryBean(FactoryBeanRegistrySupport.java:116)
	... 126 common frames omitted
Caused by: org.springframework.jdbc.datasource.init.ScriptStatementFailedException: Failed to execute SQL script statement #1 of URL [jar:file:/home/artem/IdeaProjects/aderenchuk-travel.agency/test-db/target/test-db-1.0-SNAPSHOT.jar!/data.sql]: INSERT INTO TOUR (TOUR_ID, DIRECTION, DATE_TOUR) VALUES (101, 'BREST-MOSCOW', '2021-08-01'), (102, 'MINSK-ROME', '2021-08-01'), (103, 'MOSCOW-BARCELONA', '2021-06-15'), (104, 'MINSK-RIGA', '2021-07-02'), (105, 'MINSK-DUBAI', '2021-05-25'); nested exception is org.h2.jdbc.JdbcSQLIntegrityConstraintViolationException: Нарушение уникального индекса или первичного ключа: "PRIMARY KEY ON PUBLIC.TOUR(TOUR_ID) [101, 'BREST-MOSCOW', DATE '2021-08-01']"
Unique index or primary key violation: "PRIMARY KEY ON PUBLIC.TOUR(TOUR_ID) [101, 'BREST-MOSCOW', DATE '2021-08-01']"; SQL statement:
INSERT INTO TOUR (TOUR_ID, DIRECTION, DATE_TOUR) VALUES (101, 'BREST-MOSCOW', '2021-08-01'), (102, 'MINSK-ROME', '2021-08-01'), (103, 'MOSCOW-BARCELONA', '2021-06-15'), (104, 'MINSK-RIGA', '2021-07-02'), (105, 'MINSK-DUBAI', '2021-05-25') [23505-200]
	at org.springframework.jdbc.datasource.init.ScriptUtils.executeSqlScript(ScriptUtils.java:622)
	at org.springframework.jdbc.datasource.init.ResourceDatabasePopulator.populate(ResourceDatabasePopulator.java:254)
	at org.springframework.jdbc.datasource.init.DatabasePopulatorUtils.execute(DatabasePopulatorUtils.java:49)
	at org.springframework.boot.autoconfigure.jdbc.DataSourceInitializer.runScripts(DataSourceInitializer.java:202)
	at org.springframework.boot.autoconfigure.jdbc.DataSourceInitializer.initSchema(DataSourceInitializer.java:119)
	at org.springframework.boot.autoconfigure.jdbc.DataSourceInitializerInvoker.onApplicationEvent(DataSourceInitializerInvoker.java:91)
	at org.springframework.boot.autoconfigure.jdbc.DataSourceInitializerInvoker.onApplicationEvent(DataSourceInitializerInvoker.java:38)
	at org.springframework.context.event.SimpleApplicationEventMulticaster.doInvokeListener(SimpleApplicationEventMulticaster.java:176)
	at org.springframework.context.event.SimpleApplicationEventMulticaster.invokeListener(SimpleApplicationEventMulticaster.java:169)
	at org.springframework.context.event.SimpleApplicationEventMulticaster.multicastEvent(SimpleApplicationEventMulticaster.java:143)
	at org.springframework.context.support.AbstractApplicationContext.publishEvent(AbstractApplicationContext.java:421)
	at org.springframework.context.support.AbstractApplicationContext.publishEvent(AbstractApplicationContext.java:378)
	at org.springframework.boot.autoconfigure.jdbc.DataSourceInitializerInvoker.initialize(DataSourceInitializerInvoker.java:72)
	at org.springframework.boot.autoconfigure.jdbc.DataSourceInitializerInvoker.afterPropertiesSet(DataSourceInitializerInvoker.java:65)
	at org.springframework.beans.factory.support.AbstractAutowireCapableBeanFactory.invokeInitMethods(AbstractAutowireCapableBeanFactory.java:1845)
	at org.springframework.beans.factory.support.AbstractAutowireCapableBeanFactory.initializeBean(AbstractAutowireCapableBeanFactory.java:1782)
	... 141 common frames omitted
Caused by: org.h2.jdbc.JdbcSQLIntegrityConstraintViolationException: Нарушение уникального индекса или первичного ключа: "PRIMARY KEY ON PUBLIC.TOUR(TOUR_ID) [101, 'BREST-MOSCOW', DATE '2021-08-01']"
Unique index or primary key violation: "PRIMARY KEY ON PUBLIC.TOUR(TOUR_ID) [101, 'BREST-MOSCOW', DATE '2021-08-01']"; SQL statement:
INSERT INTO TOUR (TOUR_ID, DIRECTION, DATE_TOUR) VALUES (101, 'BREST-MOSCOW', '2021-08-01'), (102, 'MINSK-ROME', '2021-08-01'), (103, 'MOSCOW-BARCELONA', '2021-06-15'), (104, 'MINSK-RIGA', '2021-07-02'), (105, 'MINSK-DUBAI', '2021-05-25') [23505-200]
	at org.h2.message.DbException.getJdbcSQLException(DbException.java:459)
	at org.h2.message.DbException.getJdbcSQLException(DbException.java:429)
	at org.h2.message.DbException.get(DbException.java:205)
	at org.h2.message.DbException.get(DbException.java:181)
	at org.h2.mvstore.db.MVPrimaryIndex.add(MVPrimaryIndex.java:127)
	at org.h2.mvstore.db.MVTable.addRow(MVTable.java:531)
	at org.h2.command.dml.Insert.insertRows(Insert.java:195)
	at org.h2.command.dml.Insert.update(Insert.java:151)
	at org.h2.command.CommandContainer.update(CommandContainer.java:198)
	at org.h2.command.Command.executeUpdate(Command.java:251)
	at org.h2.jdbc.JdbcStatement.executeInternal(JdbcStatement.java:228)
	at org.h2.jdbc.JdbcStatement.execute(JdbcStatement.java:201)
	at org.springframework.jdbc.datasource.init.ScriptUtils.executeSqlScript(ScriptUtils.java:601)
	... 156 common frames omitted

  .   ____          _            __ _ _
 /\\ / ___'_ __ _ _(_)_ __  __ _ \ \ \ \
( ( )\___ | '_ | '_| | '_ \/ _` | \ \ \ \
 \\/  ___)| |_)| | | | | || (_| |  ) ) ) )
  '  |____| .__|_| |_|_| |_\__, | / / / /
 =========|_|==============|___/=/_/_/_/
 :: Spring Boot ::                (v2.4.4)

22:11:41 [main] INFO  com.aderenchuk.brest.service.web_app.TourControllerIT - Starting TourControllerIT using Java 11.0.10 on artem-HP-Laptop-15-bs0xx with PID 35492 (started by artem in /home/artem/IdeaProjects/aderenchuk-travel.agency/web-app)
22:11:41 [main] INFO  com.aderenchuk.brest.service.web_app.TourControllerIT - Starting TourControllerIT using Java 11.0.10 on artem-HP-Laptop-15-bs0xx with PID 35492 (started by artem in /home/artem/IdeaProjects/aderenchuk-travel.agency/web-app)
22:11:41 [main] DEBUG com.aderenchuk.brest.service.web_app.TourControllerIT - Running with Spring Boot v2.4.4, Spring v5.3.5
22:11:41 [main] DEBUG com.aderenchuk.brest.service.web_app.TourControllerIT - Running with Spring Boot v2.4.4, Spring v5.3.5
22:11:41 [main] INFO  com.aderenchuk.brest.service.web_app.TourControllerIT - No active profile set, falling back to default profiles: default
22:11:41 [main] INFO  com.aderenchuk.brest.service.web_app.TourControllerIT - No active profile set, falling back to default profiles: default
22:11:42 [main] INFO  org.springframework.boot.test.autoconfigure.jdbc.TestDatabaseAutoConfiguration$EmbeddedDataSourceBeanFactoryPostProcessor - Replacing 'dataSource' DataSource bean with embedded version
22:11:42 [main] INFO  org.springframework.jdbc.datasource.embedded.EmbeddedDatabaseFactory - Starting embedded database: url='jdbc:h2:mem:599f3765-235f-4003-b514-6a82d0793899;DB_CLOSE_DELAY=-1;DB_CLOSE_ON_EXIT=false', username='sa'
22:11:42 [main] WARN  org.springframework.context.annotation.AnnotationConfigApplicationContext - Exception encountered during context initialization - cancelling refresh attempt: org.springframework.beans.factory.UnsatisfiedDependencyException: Error creating bean with name 'tourController' defined in file [/home/artem/IdeaProjects/aderenchuk-travel.agency/web-app/target/classes/com/aderenchuk/brest/service/web_app/TourController.class]: Unsatisfied dependency expressed through constructor parameter 0; nested exception is org.springframework.beans.factory.UnsatisfiedDependencyException: Error creating bean with name 'tourDtoServiceImpl' defined in URL [jar:file:/home/artem/IdeaProjects/aderenchuk-travel.agency/service/target/service-1.0-SNAPSHOT.jar!/com/aderenchuk/brest/service/impl/TourDtoServiceImpl.class]: Unsatisfied dependency expressed through constructor parameter 0; nested exception is org.springframework.beans.factory.UnsatisfiedDependencyException: Error creating bean with name 'tourDtoDaoJdbc' defined in URL [jar:file:/home/artem/IdeaProjects/aderenchuk-travel.agency/dao/target/dao-1.0-SNAPSHOT.jar!/com/aderenchuk/brest/dao/jdbc/TourDtoDaoJdbc.class]: Unsatisfied dependency expressed through constructor parameter 0; nested exception is org.springframework.beans.factory.BeanCreationException: Error creating bean with name 'dataSource': Post-processing of FactoryBean's singleton object failed; nested exception is org.springframework.beans.factory.BeanCreationException: Error creating bean with name 'org.springframework.boot.autoconfigure.jdbc.DataSourceInitializerInvoker': Invocation of init method failed; nested exception is org.springframework.jdbc.datasource.init.ScriptStatementFailedException: Failed to execute SQL script statement #1 of URL [jar:file:/home/artem/IdeaProjects/aderenchuk-travel.agency/test-db/target/test-db-1.0-SNAPSHOT.jar!/data.sql]: INSERT INTO TOUR (TOUR_ID, DIRECTION, DATE_TOUR) VALUES (101, 'BREST-MOSCOW', '2021-08-01'), (102, 'MINSK-ROME', '2021-08-01'), (103, 'MOSCOW-BARCELONA', '2021-06-15'), (104, 'MINSK-RIGA', '2021-07-02'), (105, 'MINSK-DUBAI', '2021-05-25'); nested exception is org.h2.jdbc.JdbcSQLIntegrityConstraintViolationException: Нарушение уникального индекса или первичного ключа: "PRIMARY KEY ON PUBLIC.TOUR(TOUR_ID) [101, 'BREST-MOSCOW', DATE '2021-08-01']"
Unique index or primary key violation: "PRIMARY KEY ON PUBLIC.TOUR(TOUR_ID) [101, 'BREST-MOSCOW', DATE '2021-08-01']"; SQL statement:
INSERT INTO TOUR (TOUR_ID, DIRECTION, DATE_TOUR) VALUES (101, 'BREST-MOSCOW', '2021-08-01'), (102, 'MINSK-ROME', '2021-08-01'), (103, 'MOSCOW-BARCELONA', '2021-06-15'), (104, 'MINSK-RIGA', '2021-07-02'), (105, 'MINSK-DUBAI', '2021-05-25') [23505-200]
22:11:42 [main] INFO  org.springframework.boot.autoconfigure.logging.ConditionEvaluationReportLoggingListener - 

Error starting ApplicationContext. To display the conditions report re-run your application with 'debug' enabled.
22:11:42 [main] ERROR org.springframework.boot.SpringApplication - Application run failed
org.springframework.beans.factory.UnsatisfiedDependencyException: Error creating bean with name 'tourController' defined in file [/home/artem/IdeaProjects/aderenchuk-travel.agency/web-app/target/classes/com/aderenchuk/brest/service/web_app/TourController.class]: Unsatisfied dependency expressed through constructor parameter 0; nested exception is org.springframework.beans.factory.UnsatisfiedDependencyException: Error creating bean with name 'tourDtoServiceImpl' defined in URL [jar:file:/home/artem/IdeaProjects/aderenchuk-travel.agency/service/target/service-1.0-SNAPSHOT.jar!/com/aderenchuk/brest/service/impl/TourDtoServiceImpl.class]: Unsatisfied dependency expressed through constructor parameter 0; nested exception is org.springframework.beans.factory.UnsatisfiedDependencyException: Error creating bean with name 'tourDtoDaoJdbc' defined in URL [jar:file:/home/artem/IdeaProjects/aderenchuk-travel.agency/dao/target/dao-1.0-SNAPSHOT.jar!/com/aderenchuk/brest/dao/jdbc/TourDtoDaoJdbc.class]: Unsatisfied dependency expressed through constructor parameter 0; nested exception is org.springframework.beans.factory.BeanCreationException: Error creating bean with name 'dataSource': Post-processing of FactoryBean's singleton object failed; nested exception is org.springframework.beans.factory.BeanCreationException: Error creating bean with name 'org.springframework.boot.autoconfigure.jdbc.DataSourceInitializerInvoker': Invocation of init method failed; nested exception is org.springframework.jdbc.datasource.init.ScriptStatementFailedException: Failed to execute SQL script statement #1 of URL [jar:file:/home/artem/IdeaProjects/aderenchuk-travel.agency/test-db/target/test-db-1.0-SNAPSHOT.jar!/data.sql]: INSERT INTO TOUR (TOUR_ID, DIRECTION, DATE_TOUR) VALUES (101, 'BREST-MOSCOW', '2021-08-01'), (102, 'MINSK-ROME', '2021-08-01'), (103, 'MOSCOW-BARCELONA', '2021-06-15'), (104, 'MINSK-RIGA', '2021-07-02'), (105, 'MINSK-DUBAI', '2021-05-25'); nested exception is org.h2.jdbc.JdbcSQLIntegrityConstraintViolationException: Нарушение уникального индекса или первичного ключа: "PRIMARY KEY ON PUBLIC.TOUR(TOUR_ID) [101, 'BREST-MOSCOW', DATE '2021-08-01']"
Unique index or primary key violation: "PRIMARY KEY ON PUBLIC.TOUR(TOUR_ID) [101, 'BREST-MOSCOW', DATE '2021-08-01']"; SQL statement:
INSERT INTO TOUR (TOUR_ID, DIRECTION, DATE_TOUR) VALUES (101, 'BREST-MOSCOW', '2021-08-01'), (102, 'MINSK-ROME', '2021-08-01'), (103, 'MOSCOW-BARCELONA', '2021-06-15'), (104, 'MINSK-RIGA', '2021-07-02'), (105, 'MINSK-DUBAI', '2021-05-25') [23505-200]
	at org.springframework.beans.factory.support.ConstructorResolver.createArgumentArray(ConstructorResolver.java:800)
	at org.springframework.beans.factory.support.ConstructorResolver.autowireConstructor(ConstructorResolver.java:229)
	at org.springframework.beans.factory.support.AbstractAutowireCapableBeanFactory.autowireConstructor(AbstractAutowireCapableBeanFactory.java:1354)
	at org.springframework.beans.factory.support.AbstractAutowireCapableBeanFactory.createBeanInstance(AbstractAutowireCapableBeanFactory.java:1204)
	at org.springframework.beans.factory.support.AbstractAutowireCapableBeanFactory.doCreateBean(AbstractAutowireCapableBeanFactory.java:564)
	at org.springframework.beans.factory.support.AbstractAutowireCapableBeanFactory.createBean(AbstractAutowireCapableBeanFactory.java:524)
	at org.springframework.beans.factory.support.AbstractBeanFactory.lambda$doGetBean$0(AbstractBeanFactory.java:335)
	at org.springframework.beans.factory.support.DefaultSingletonBeanRegistry.getSingleton(DefaultSingletonBeanRegistry.java:234)
	at org.springframework.beans.factory.support.AbstractBeanFactory.doGetBean(AbstractBeanFactory.java:333)
	at org.springframework.beans.factory.support.AbstractBeanFactory.getBean(AbstractBeanFactory.java:208)
	at org.springframework.beans.factory.support.DefaultListableBeanFactory.preInstantiateSingletons(DefaultListableBeanFactory.java:944)
	at org.springframework.context.support.AbstractApplicationContext.finishBeanFactoryInitialization(AbstractApplicationContext.java:918)
	at org.springframework.context.support.AbstractApplicationContext.refresh(AbstractApplicationContext.java:583)
	at org.springframework.boot.SpringApplication.refresh(SpringApplication.java:769)
	at org.springframework.boot.SpringApplication.refresh(SpringApplication.java:761)
	at org.springframework.boot.SpringApplication.refreshContext(SpringApplication.java:426)
	at org.springframework.boot.SpringApplication.run(SpringApplication.java:326)
	at org.springframework.boot.test.context.SpringBootContextLoader.loadContext(SpringBootContextLoader.java:123)
	at org.springframework.test.context.cache.DefaultCacheAwareContextLoaderDelegate.loadContextInternal(DefaultCacheAwareContextLoaderDelegate.java:99)
	at org.springframework.test.context.cache.DefaultCacheAwareContextLoaderDelegate.loadContext(DefaultCacheAwareContextLoaderDelegate.java:124)
	at org.springframework.test.context.support.DefaultTestContext.getApplicationContext(DefaultTestContext.java:124)
	at org.springframework.boot.test.autoconfigure.SpringBootDependencyInjectionTestExecutionListener.outputConditionEvaluationReport(SpringBootDependencyInjectionTestExecutionListener.java:53)
	at org.springframework.boot.test.autoconfigure.SpringBootDependencyInjectionTestExecutionListener.prepareTestInstance(SpringBootDependencyInjectionTestExecutionListener.java:46)
	at org.springframework.test.context.TestContextManager.prepareTestInstance(TestContextManager.java:244)
	at org.springframework.test.context.junit.jupiter.SpringExtension.postProcessTestInstance(SpringExtension.java:138)
	at org.junit.jupiter.engine.descriptor.ClassBasedTestDescriptor.lambda$invokeTestInstancePostProcessors$6(ClassBasedTestDescriptor.java:350)
	at org.junit.jupiter.engine.descriptor.ClassBasedTestDescriptor.executeAndMaskThrowable(ClassBasedTestDescriptor.java:355)
	at org.junit.jupiter.engine.descriptor.ClassBasedTestDescriptor.lambda$invokeTestInstancePostProcessors$7(ClassBasedTestDescriptor.java:350)
	at java.base/java.util.stream.ReferencePipeline$3$1.accept(ReferencePipeline.java:195)
	at java.base/java.util.stream.ReferencePipeline$2$1.accept(ReferencePipeline.java:177)
	at java.base/java.util.ArrayList$ArrayListSpliterator.forEachRemaining(ArrayList.java:1655)
	at java.base/java.util.stream.AbstractPipeline.copyInto(AbstractPipeline.java:484)
	at java.base/java.util.stream.AbstractPipeline.wrapAndCopyInto(AbstractPipeline.java:474)
	at java.base/java.util.stream.StreamSpliterators$WrappingSpliterator.forEachRemaining(StreamSpliterators.java:312)
	at java.base/java.util.stream.Streams$ConcatSpliterator.forEachRemaining(Streams.java:735)
	at java.base/java.util.stream.Streams$ConcatSpliterator.forEachRemaining(Streams.java:734)
	at java.base/java.util.stream.ReferencePipeline$Head.forEach(ReferencePipeline.java:658)
	at org.junit.jupiter.engine.descriptor.ClassBasedTestDescriptor.invokeTestInstancePostProcessors(ClassBasedTestDescriptor.java:349)
	at org.junit.jupiter.engine.descriptor.ClassBasedTestDescriptor.lambda$instantiateAndPostProcessTestInstance$4(ClassBasedTestDescriptor.java:270)
	at org.junit.platform.engine.support.hierarchical.ThrowableCollector.execute(ThrowableCollector.java:73)
	at org.junit.jupiter.engine.descriptor.ClassBasedTestDescriptor.instantiateAndPostProcessTestInstance(ClassBasedTestDescriptor.java:269)
	at org.junit.jupiter.engine.descriptor.ClassBasedTestDescriptor.lambda$testInstancesProvider$2(ClassBasedTestDescriptor.java:259)
	at java.base/java.util.Optional.orElseGet(Optional.java:369)
	at org.junit.jupiter.engine.descriptor.ClassBasedTestDescriptor.lambda$testInstancesProvider$3(ClassBasedTestDescriptor.java:258)
	at org.junit.jupiter.engine.execution.TestInstancesProvider.getTestInstances(TestInstancesProvider.java:31)
	at org.junit.jupiter.engine.descriptor.TestMethodTestDescriptor.lambda$prepare$0(TestMethodTestDescriptor.java:101)
	at org.junit.platform.engine.support.hierarchical.ThrowableCollector.execute(ThrowableCollector.java:73)
	at org.junit.jupiter.engine.descriptor.TestMethodTestDescriptor.prepare(TestMethodTestDescriptor.java:100)
	at org.junit.jupiter.engine.descriptor.TestMethodTestDescriptor.prepare(TestMethodTestDescriptor.java:65)
	at org.junit.platform.engine.support.hierarchical.NodeTestTask.lambda$prepare$1(NodeTestTask.java:111)
	at org.junit.platform.engine.support.hierarchical.ThrowableCollector.execute(ThrowableCollector.java:73)
	at org.junit.platform.engine.support.hierarchical.NodeTestTask.prepare(NodeTestTask.java:111)
	at org.junit.platform.engine.support.hierarchical.NodeTestTask.execute(NodeTestTask.java:79)
	at java.base/java.util.ArrayList.forEach(ArrayList.java:1541)
	at org.junit.platform.engine.support.hierarchical.SameThreadHierarchicalTestExecutorService.invokeAll(SameThreadHierarchicalTestExecutorService.java:38)
	at org.junit.platform.engine.support.hierarchical.NodeTestTask.lambda$executeRecursively$5(NodeTestTask.java:143)
	at org.junit.platform.engine.support.hierarchical.ThrowableCollector.execute(ThrowableCollector.java:73)
	at org.junit.platform.engine.support.hierarchical.NodeTestTask.lambda$executeRecursively$7(NodeTestTask.java:129)
	at org.junit.platform.engine.support.hierarchical.Node.around(Node.java:137)
	at org.junit.platform.engine.support.hierarchical.NodeTestTask.lambda$executeRecursively$8(NodeTestTask.java:127)
	at org.junit.platform.engine.support.hierarchical.ThrowableCollector.execute(ThrowableCollector.java:73)
	at org.junit.platform.engine.support.hierarchical.NodeTestTask.executeRecursively(NodeTestTask.java:126)
	at org.junit.platform.engine.support.hierarchical.NodeTestTask.execute(NodeTestTask.java:84)
	at java.base/java.util.ArrayList.forEach(ArrayList.java:1541)
	at org.junit.platform.engine.support.hierarchical.SameThreadHierarchicalTestExecutorService.invokeAll(SameThreadHierarchicalTestExecutorService.java:38)
	at org.junit.platform.engine.support.hierarchical.NodeTestTask.lambda$executeRecursively$5(NodeTestTask.java:143)
	at org.junit.platform.engine.support.hierarchical.ThrowableCollector.execute(ThrowableCollector.java:73)
	at org.junit.platform.engine.support.hierarchical.NodeTestTask.lambda$executeRecursively$7(NodeTestTask.java:129)
	at org.junit.platform.engine.support.hierarchical.Node.around(Node.java:137)
	at org.junit.platform.engine.support.hierarchical.NodeTestTask.lambda$executeRecursively$8(NodeTestTask.java:127)
	at org.junit.platform.engine.support.hierarchical.ThrowableCollector.execute(ThrowableCollector.java:73)
	at org.junit.platform.engine.support.hierarchical.NodeTestTask.executeRecursively(NodeTestTask.java:126)
	at org.junit.platform.engine.support.hierarchical.NodeTestTask.execute(NodeTestTask.java:84)
	at org.junit.platform.engine.support.hierarchical.SameThreadHierarchicalTestExecutorService.submit(SameThreadHierarchicalTestExecutorService.java:32)
	at org.junit.platform.engine.support.hierarchical.HierarchicalTestExecutor.execute(HierarchicalTestExecutor.java:57)
	at org.junit.platform.engine.support.hierarchical.HierarchicalTestEngine.execute(HierarchicalTestEngine.java:51)
	at org.junit.platform.launcher.core.EngineExecutionOrchestrator.execute(EngineExecutionOrchestrator.java:108)
	at org.junit.platform.launcher.core.EngineExecutionOrchestrator.execute(EngineExecutionOrchestrator.java:88)
	at org.junit.platform.launcher.core.EngineExecutionOrchestrator.lambda$execute$0(EngineExecutionOrchestrator.java:54)
	at org.junit.platform.launcher.core.EngineExecutionOrchestrator.withInterceptedStreams(EngineExecutionOrchestrator.java:67)
	at org.junit.platform.launcher.core.EngineExecutionOrchestrator.execute(EngineExecutionOrchestrator.java:52)
	at org.junit.platform.launcher.core.DefaultLauncher.execute(DefaultLauncher.java:96)
	at org.junit.platform.launcher.core.DefaultLauncher.execute(DefaultLauncher.java:75)
	at org.apache.maven.surefire.junitplatform.JUnitPlatformProvider.invokeAllTests(JUnitPlatformProvider.java:154)
	at org.apache.maven.surefire.junitplatform.JUnitPlatformProvider.invoke(JUnitPlatformProvider.java:127)
	at org.apache.maven.surefire.booter.ForkedBooter.runSuitesInProcess(ForkedBooter.java:377)
	at org.apache.maven.surefire.booter.ForkedBooter.execute(ForkedBooter.java:138)
	at org.apache.maven.surefire.booter.ForkedBooter.run(ForkedBooter.java:465)
	at org.apache.maven.surefire.booter.ForkedBooter.main(ForkedBooter.java:451)
Caused by: org.springframework.beans.factory.UnsatisfiedDependencyException: Error creating bean with name 'tourDtoServiceImpl' defined in URL [jar:file:/home/artem/IdeaProjects/aderenchuk-travel.agency/service/target/service-1.0-SNAPSHOT.jar!/com/aderenchuk/brest/service/impl/TourDtoServiceImpl.class]: Unsatisfied dependency expressed through constructor parameter 0; nested exception is org.springframework.beans.factory.UnsatisfiedDependencyException: Error creating bean with name 'tourDtoDaoJdbc' defined in URL [jar:file:/home/artem/IdeaProjects/aderenchuk-travel.agency/dao/target/dao-1.0-SNAPSHOT.jar!/com/aderenchuk/brest/dao/jdbc/TourDtoDaoJdbc.class]: Unsatisfied dependency expressed through constructor parameter 0; nested exception is org.springframework.beans.factory.BeanCreationException: Error creating bean with name 'dataSource': Post-processing of FactoryBean's singleton object failed; nested exception is org.springframework.beans.factory.BeanCreationException: Error creating bean with name 'org.springframework.boot.autoconfigure.jdbc.DataSourceInitializerInvoker': Invocation of init method failed; nested exception is org.springframework.jdbc.datasource.init.ScriptStatementFailedException: Failed to execute SQL script statement #1 of URL [jar:file:/home/artem/IdeaProjects/aderenchuk-travel.agency/test-db/target/test-db-1.0-SNAPSHOT.jar!/data.sql]: INSERT INTO TOUR (TOUR_ID, DIRECTION, DATE_TOUR) VALUES (101, 'BREST-MOSCOW', '2021-08-01'), (102, 'MINSK-ROME', '2021-08-01'), (103, 'MOSCOW-BARCELONA', '2021-06-15'), (104, 'MINSK-RIGA', '2021-07-02'), (105, 'MINSK-DUBAI', '2021-05-25'); nested exception is org.h2.jdbc.JdbcSQLIntegrityConstraintViolationException: Нарушение уникального индекса или первичного ключа: "PRIMARY KEY ON PUBLIC.TOUR(TOUR_ID) [101, 'BREST-MOSCOW', DATE '2021-08-01']"
Unique index or primary key violation: "PRIMARY KEY ON PUBLIC.TOUR(TOUR_ID) [101, 'BREST-MOSCOW', DATE '2021-08-01']"; SQL statement:
INSERT INTO TOUR (TOUR_ID, DIRECTION, DATE_TOUR) VALUES (101, 'BREST-MOSCOW', '2021-08-01'), (102, 'MINSK-ROME', '2021-08-01'), (103, 'MOSCOW-BARCELONA', '2021-06-15'), (104, 'MINSK-RIGA', '2021-07-02'), (105, 'MINSK-DUBAI', '2021-05-25') [23505-200]
	at org.springframework.beans.factory.support.ConstructorResolver.createArgumentArray(ConstructorResolver.java:800)
	at org.springframework.beans.factory.support.ConstructorResolver.autowireConstructor(ConstructorResolver.java:229)
	at org.springframework.beans.factory.support.AbstractAutowireCapableBeanFactory.autowireConstructor(AbstractAutowireCapableBeanFactory.java:1354)
	at org.springframework.beans.factory.support.AbstractAutowireCapableBeanFactory.createBeanInstance(AbstractAutowireCapableBeanFactory.java:1204)
	at org.springframework.beans.factory.support.AbstractAutowireCapableBeanFactory.doCreateBean(AbstractAutowireCapableBeanFactory.java:564)
	at org.springframework.beans.factory.support.AbstractAutowireCapableBeanFactory.createBean(AbstractAutowireCapableBeanFactory.java:524)
	at org.springframework.beans.factory.support.AbstractBeanFactory.lambda$doGetBean$0(AbstractBeanFactory.java:335)
	at org.springframework.beans.factory.support.DefaultSingletonBeanRegistry.getSingleton(DefaultSingletonBeanRegistry.java:234)
	at org.springframework.beans.factory.support.AbstractBeanFactory.doGetBean(AbstractBeanFactory.java:333)
	at org.springframework.beans.factory.support.AbstractBeanFactory.getBean(AbstractBeanFactory.java:208)
	at org.springframework.beans.factory.config.DependencyDescriptor.resolveCandidate(DependencyDescriptor.java:276)
	at org.springframework.beans.factory.support.DefaultListableBeanFactory.doResolveDependency(DefaultListableBeanFactory.java:1380)
	at org.springframework.beans.factory.support.DefaultListableBeanFactory.resolveDependency(DefaultListableBeanFactory.java:1300)
	at org.springframework.beans.factory.support.ConstructorResolver.resolveAutowiredArgument(ConstructorResolver.java:887)
	at org.springframework.beans.factory.support.ConstructorResolver.createArgumentArray(ConstructorResolver.java:791)
	... 88 common frames omitted
Caused by: org.springframework.beans.factory.UnsatisfiedDependencyException: Error creating bean with name 'tourDtoDaoJdbc' defined in URL [jar:file:/home/artem/IdeaProjects/aderenchuk-travel.agency/dao/target/dao-1.0-SNAPSHOT.jar!/com/aderenchuk/brest/dao/jdbc/TourDtoDaoJdbc.class]: Unsatisfied dependency expressed through constructor parameter 0; nested exception is org.springframework.beans.factory.BeanCreationException: Error creating bean with name 'dataSource': Post-processing of FactoryBean's singleton object failed; nested exception is org.springframework.beans.factory.BeanCreationException: Error creating bean with name 'org.springframework.boot.autoconfigure.jdbc.DataSourceInitializerInvoker': Invocation of init method failed; nested exception is org.springframework.jdbc.datasource.init.ScriptStatementFailedException: Failed to execute SQL script statement #1 of URL [jar:file:/home/artem/IdeaProjects/aderenchuk-travel.agency/test-db/target/test-db-1.0-SNAPSHOT.jar!/data.sql]: INSERT INTO TOUR (TOUR_ID, DIRECTION, DATE_TOUR) VALUES (101, 'BREST-MOSCOW', '2021-08-01'), (102, 'MINSK-ROME', '2021-08-01'), (103, 'MOSCOW-BARCELONA', '2021-06-15'), (104, 'MINSK-RIGA', '2021-07-02'), (105, 'MINSK-DUBAI', '2021-05-25'); nested exception is org.h2.jdbc.JdbcSQLIntegrityConstraintViolationException: Нарушение уникального индекса или первичного ключа: "PRIMARY KEY ON PUBLIC.TOUR(TOUR_ID) [101, 'BREST-MOSCOW', DATE '2021-08-01']"
Unique index or primary key violation: "PRIMARY KEY ON PUBLIC.TOUR(TOUR_ID) [101, 'BREST-MOSCOW', DATE '2021-08-01']"; SQL statement:
INSERT INTO TOUR (TOUR_ID, DIRECTION, DATE_TOUR) VALUES (101, 'BREST-MOSCOW', '2021-08-01'), (102, 'MINSK-ROME', '2021-08-01'), (103, 'MOSCOW-BARCELONA', '2021-06-15'), (104, 'MINSK-RIGA', '2021-07-02'), (105, 'MINSK-DUBAI', '2021-05-25') [23505-200]
	at org.springframework.beans.factory.support.ConstructorResolver.createArgumentArray(ConstructorResolver.java:800)
	at org.springframework.beans.factory.support.ConstructorResolver.autowireConstructor(ConstructorResolver.java:229)
	at org.springframework.beans.factory.support.AbstractAutowireCapableBeanFactory.autowireConstructor(AbstractAutowireCapableBeanFactory.java:1354)
	at org.springframework.beans.factory.support.AbstractAutowireCapableBeanFactory.createBeanInstance(AbstractAutowireCapableBeanFactory.java:1204)
	at org.springframework.beans.factory.support.AbstractAutowireCapableBeanFactory.doCreateBean(AbstractAutowireCapableBeanFactory.java:564)
	at org.springframework.beans.factory.support.AbstractAutowireCapableBeanFactory.createBean(AbstractAutowireCapableBeanFactory.java:524)
	at org.springframework.beans.factory.support.AbstractBeanFactory.lambda$doGetBean$0(AbstractBeanFactory.java:335)
	at org.springframework.beans.factory.support.DefaultSingletonBeanRegistry.getSingleton(DefaultSingletonBeanRegistry.java:234)
	at org.springframework.beans.factory.support.AbstractBeanFactory.doGetBean(AbstractBeanFactory.java:333)
	at org.springframework.beans.factory.support.AbstractBeanFactory.getBean(AbstractBeanFactory.java:208)
	at org.springframework.beans.factory.config.DependencyDescriptor.resolveCandidate(DependencyDescriptor.java:276)
	at org.springframework.beans.factory.support.DefaultListableBeanFactory.doResolveDependency(DefaultListableBeanFactory.java:1380)
	at org.springframework.beans.factory.support.DefaultListableBeanFactory.resolveDependency(DefaultListableBeanFactory.java:1300)
	at org.springframework.beans.factory.support.ConstructorResolver.resolveAutowiredArgument(ConstructorResolver.java:887)
	at org.springframework.beans.factory.support.ConstructorResolver.createArgumentArray(ConstructorResolver.java:791)
	... 102 common frames omitted
Caused by: org.springframework.beans.factory.BeanCreationException: Error creating bean with name 'dataSource': Post-processing of FactoryBean's singleton object failed; nested exception is org.springframework.beans.factory.BeanCreationException: Error creating bean with name 'org.springframework.boot.autoconfigure.jdbc.DataSourceInitializerInvoker': Invocation of init method failed; nested exception is org.springframework.jdbc.datasource.init.ScriptStatementFailedException: Failed to execute SQL script statement #1 of URL [jar:file:/home/artem/IdeaProjects/aderenchuk-travel.agency/test-db/target/test-db-1.0-SNAPSHOT.jar!/data.sql]: INSERT INTO TOUR (TOUR_ID, DIRECTION, DATE_TOUR) VALUES (101, 'BREST-MOSCOW', '2021-08-01'), (102, 'MINSK-ROME', '2021-08-01'), (103, 'MOSCOW-BARCELONA', '2021-06-15'), (104, 'MINSK-RIGA', '2021-07-02'), (105, 'MINSK-DUBAI', '2021-05-25'); nested exception is org.h2.jdbc.JdbcSQLIntegrityConstraintViolationException: Нарушение уникального индекса или первичного ключа: "PRIMARY KEY ON PUBLIC.TOUR(TOUR_ID) [101, 'BREST-MOSCOW', DATE '2021-08-01']"
Unique index or primary key violation: "PRIMARY KEY ON PUBLIC.TOUR(TOUR_ID) [101, 'BREST-MOSCOW', DATE '2021-08-01']"; SQL statement:
INSERT INTO TOUR (TOUR_ID, DIRECTION, DATE_TOUR) VALUES (101, 'BREST-MOSCOW', '2021-08-01'), (102, 'MINSK-ROME', '2021-08-01'), (103, 'MOSCOW-BARCELONA', '2021-06-15'), (104, 'MINSK-RIGA', '2021-07-02'), (105, 'MINSK-DUBAI', '2021-05-25') [23505-200]
	at org.springframework.beans.factory.support.FactoryBeanRegistrySupport.getObjectFromFactoryBean(FactoryBeanRegistrySupport.java:119)
	at org.springframework.beans.factory.support.AbstractBeanFactory.getObjectForBeanInstance(AbstractBeanFactory.java:1884)
	at org.springframework.beans.factory.support.AbstractAutowireCapableBeanFactory.getObjectForBeanInstance(AbstractAutowireCapableBeanFactory.java:1266)
	at org.springframework.beans.factory.support.AbstractBeanFactory.doGetBean(AbstractBeanFactory.java:345)
	at org.springframework.beans.factory.support.AbstractBeanFactory.getBean(AbstractBeanFactory.java:208)
	at org.springframework.beans.factory.config.DependencyDescriptor.resolveCandidate(DependencyDescriptor.java:276)
	at org.springframework.beans.factory.support.DefaultListableBeanFactory.doResolveDependency(DefaultListableBeanFactory.java:1380)
	at org.springframework.beans.factory.support.DefaultListableBeanFactory.resolveDependency(DefaultListableBeanFactory.java:1300)
	at org.springframework.beans.factory.support.ConstructorResolver.resolveAutowiredArgument(ConstructorResolver.java:887)
	at org.springframework.beans.factory.support.ConstructorResolver.createArgumentArray(ConstructorResolver.java:791)
	... 116 common frames omitted
Caused by: org.springframework.beans.factory.BeanCreationException: Error creating bean with name 'org.springframework.boot.autoconfigure.jdbc.DataSourceInitializerInvoker': Invocation of init method failed; nested exception is org.springframework.jdbc.datasource.init.ScriptStatementFailedException: Failed to execute SQL script statement #1 of URL [jar:file:/home/artem/IdeaProjects/aderenchuk-travel.agency/test-db/target/test-db-1.0-SNAPSHOT.jar!/data.sql]: INSERT INTO TOUR (TOUR_ID, DIRECTION, DATE_TOUR) VALUES (101, 'BREST-MOSCOW', '2021-08-01'), (102, 'MINSK-ROME', '2021-08-01'), (103, 'MOSCOW-BARCELONA', '2021-06-15'), (104, 'MINSK-RIGA', '2021-07-02'), (105, 'MINSK-DUBAI', '2021-05-25'); nested exception is org.h2.jdbc.JdbcSQLIntegrityConstraintViolationException: Нарушение уникального индекса или первичного ключа: "PRIMARY KEY ON PUBLIC.TOUR(TOUR_ID) [101, 'BREST-MOSCOW', DATE '2021-08-01']"
Unique index or primary key violation: "PRIMARY KEY ON PUBLIC.TOUR(TOUR_ID) [101, 'BREST-MOSCOW', DATE '2021-08-01']"; SQL statement:
[...]
	at org.springframework.beans.factory.support.AbstractBeanFactory.doGetBean(AbstractBeanFactory.java:333)
	at org.springframework.beans.factory.support.AbstractBeanFactory.getBean(AbstractBeanFactory.java:208)
	at org.springframework.beans.factory.support.DefaultListableBeanFactory.preInstantiateSingletons(DefaultListableBeanFactory.java:944)
	at org.springframework.context.support.AbstractApplicationContext.finishBeanFactoryInitialization(AbstractApplicationContext.java:918)
	at org.springframework.context.support.AbstractApplicationContext.refresh(AbstractApplicationContext.java:583)
	at org.springframework.boot.SpringApplication.refresh(SpringApplication.java:769)
	at org.springframework.boot.SpringApplication.refresh(SpringApplication.java:761)
	at org.springframework.boot.SpringApplication.refreshContext(SpringApplication.java:426)
	at org.springframework.boot.SpringApplication.run(SpringApplication.java:326)
	at org.springframework.boot.test.context.SpringBootContextLoader.loadContext(SpringBootContextLoader.java:123)
	at org.springframework.test.context.cache.DefaultCacheAwareContextLoaderDelegate.loadContextInternal(DefaultCacheAwareContextLoaderDelegate.java:99)
	at org.springframework.test.context.cache.DefaultCacheAwareContextLoaderDelegate.loadContext(DefaultCacheAwareContextLoaderDelegate.java:124)
	... 70 common frames omitted
Caused by: org.springframework.beans.factory.UnsatisfiedDependencyException: Error creating bean with name 'tourDtoServiceImpl' defined in URL [jar:file:/home/artem/IdeaProjects/aderenchuk-travel.agency/service/target/service-1.0-SNAPSHOT.jar!/com/aderenchuk/brest/service/impl/TourDtoServiceImpl.class]: Unsatisfied dependency expressed through constructor parameter 0; nested exception is org.springframework.beans.factory.UnsatisfiedDependencyException: Error creating bean with name 'tourDtoDaoJdbc' defined in URL [jar:file:/home/artem/IdeaProjects/aderenchuk-travel.agency/dao/target/dao-1.0-SNAPSHOT.jar!/com/aderenchuk/brest/dao/jdbc/TourDtoDaoJdbc.class]: Unsatisfied dependency expressed through constructor parameter 0; nested exception is org.springframework.beans.factory.BeanCreationException: Error creating bean with name 'dataSource': Post-processing of FactoryBean's singleton object failed; nested exception is org.springframework.beans.factory.BeanCreationException: Error creating bean with name 'org.springframework.boot.autoconfigure.jdbc.DataSourceInitializerInvoker': Invocation of init method failed; nested exception is org.springframework.jdbc.datasource.init.ScriptStatementFailedException: Failed to execute SQL script statement #1 of URL [jar:file:/home/artem/IdeaProjects/aderenchuk-travel.agency/test-db/target/test-db-1.0-SNAPSHOT.jar!/data.sql]: INSERT INTO TOUR (TOUR_ID, DIRECTION, DATE_TOUR) VALUES (101, 'BREST-MOSCOW', '2021-08-01'), (102, 'MINSK-ROME', '2021-08-01'), (103, 'MOSCOW-BARCELONA', '2021-06-15'), (104, 'MINSK-RIGA', '2021-07-02'), (105, 'MINSK-DUBAI', '2021-05-25'); nested exception is org.h2.jdbc.JdbcSQLIntegrityConstraintViolationException: Нарушение уникального индекса или первичного ключа: "PRIMARY KEY ON PUBLIC.TOUR(TOUR_ID) [101, 'BREST-MOSCOW', DATE '2021-08-01']"
Unique index or primary key violation: "PRIMARY KEY ON PUBLIC.TOUR(TOUR_ID) [101, 'BREST-MOSCOW', DATE '2021-08-01']"; SQL statement:
INSERT INTO TOUR (TOUR_ID, DIRECTION, DATE_TOUR) VALUES (101, 'BREST-MOSCOW', '2021-08-01'), (102, 'MINSK-ROME', '2021-08-01'), (103, 'MOSCOW-BARCELONA', '2021-06-15'), (104, 'MINSK-RIGA', '2021-07-02'), (105, 'MINSK-DUBAI', '2021-05-25') [23505-200]
	at org.springframework.beans.factory.support.ConstructorResolver.createArgumentArray(ConstructorResolver.java:800)
	at org.springframework.beans.factory.support.ConstructorResolver.autowireConstructor(ConstructorResolver.java:229)
	at org.springframework.beans.factory.support.AbstractAutowireCapableBeanFactory.autowireConstructor(AbstractAutowireCapableBeanFactory.java:1354)
	at org.springframework.beans.factory.support.AbstractAutowireCapableBeanFactory.createBeanInstance(AbstractAutowireCapableBeanFactory.java:1204)
	at org.springframework.beans.factory.support.AbstractAutowireCapableBeanFactory.doCreateBean(AbstractAutowireCapableBeanFactory.java:564)
	at org.springframework.beans.factory.support.AbstractAutowireCapableBeanFactory.createBean(AbstractAutowireCapableBeanFactory.java:524)
	at org.springframework.beans.factory.support.AbstractBeanFactory.lambda$doGetBean$0(AbstractBeanFactory.java:335)
	at org.springframework.beans.factory.support.DefaultSingletonBeanRegistry.getSingleton(DefaultSingletonBeanRegistry.java:234)
	at org.springframework.beans.factory.support.AbstractBeanFactory.doGetBean(AbstractBeanFactory.java:333)
	at org.springframework.beans.factory.support.AbstractBeanFactory.getBean(AbstractBeanFactory.java:208)
	at org.springframework.beans.factory.config.DependencyDescriptor.resolveCandidate(DependencyDescriptor.java:276)
	at org.springframework.beans.factory.support.DefaultListableBeanFactory.doResolveDependency(DefaultListableBeanFactory.java:1380)
	at org.springframework.beans.factory.support.DefaultListableBeanFactory.resolveDependency(DefaultListableBeanFactory.java:1300)
	at org.springframework.beans.factory.support.ConstructorResolver.resolveAutowiredArgument(ConstructorResolver.java:887)
	at org.springframework.beans.factory.support.ConstructorResolver.createArgumentArray(ConstructorResolver.java:791)
	... 89 common frames omitted
Caused by: org.springframework.beans.factory.UnsatisfiedDependencyException: Error creating bean with name 'tourDtoDaoJdbc' defined in URL [jar:file:/home/artem/IdeaProjects/aderenchuk-travel.agency/dao/target/dao-1.0-SNAPSHOT.jar!/com/aderenchuk/brest/dao/jdbc/TourDtoDaoJdbc.class]: Unsatisfied dependency expressed through constructor parameter 0; nested exception is org.springframework.beans.factory.BeanCreationException: Error creating bean with name 'dataSource': Post-processing of FactoryBean's singleton object failed; nested exception is org.springframework.beans.factory.BeanCreationException: Error creating bean with name 'org.springframework.boot.autoconfigure.jdbc.DataSourceInitializerInvoker': Invocation of init method failed; nested exception is org.springframework.jdbc.datasource.init.ScriptStatementFailedException: Failed to execute SQL script statement #1 of URL [jar:file:/home/artem/IdeaProjects/aderenchuk-travel.agency/test-db/target/test-db-1.0-SNAPSHOT.jar!/data.sql]: INSERT INTO TOUR (TOUR_ID, DIRECTION, DATE_TOUR) VALUES (101, 'BREST-MOSCOW', '2021-08-01'), (102, 'MINSK-ROME', '2021-08-01'), (103, 'MOSCOW-BARCELONA', '2021-06-15'), (104, 'MINSK-RIGA', '2021-07-02'), (105, 'MINSK-DUBAI', '2021-05-25'); nested exception is org.h2.jdbc.JdbcSQLIntegrityConstraintViolationException: Нарушение уникального индекса или первичного ключа: "PRIMARY KEY ON PUBLIC.TOUR(TOUR_ID) [101, 'BREST-MOSCOW', DATE '2021-08-01']"
Unique index or primary key violation: "PRIMARY KEY ON PUBLIC.TOUR(TOUR_ID) [101, 'BREST-MOSCOW', DATE '2021-08-01']"; SQL statement:
INSERT INTO TOUR (TOUR_ID, DIRECTION, DATE_TOUR) VALUES (101, 'BREST-MOSCOW', '2021-08-01'), (102, 'MINSK-ROME', '2021-08-01'), (103, 'MOSCOW-BARCELONA', '2021-06-15'), (104, 'MINSK-RIGA', '2021-07-02'), (105, 'MINSK-DUBAI', '2021-05-25') [23505-200]
	at org.springframework.beans.factory.support.ConstructorResolver.createArgumentArray(ConstructorResolver.java:800)
	at org.springframework.beans.factory.support.ConstructorResolver.autowireConstructor(ConstructorResolver.java:229)
	at org.springframework.beans.factory.support.AbstractAutowireCapableBeanFactory.autowireConstructor(AbstractAutowireCapableBeanFactory.java:1354)
	at org.springframework.beans.factory.support.AbstractAutowireCapableBeanFactory.createBeanInstance(AbstractAutowireCapableBeanFactory.java:1204)
	at org.springframework.beans.factory.support.AbstractAutowireCapableBeanFactory.doCreateBean(AbstractAutowireCapableBeanFactory.java:564)
	at org.springframework.beans.factory.support.AbstractAutowireCapableBeanFactory.createBean(AbstractAutowireCapableBeanFactory.java:524)
	at org.springframework.beans.factory.support.AbstractBeanFactory.lambda$doGetBean$0(AbstractBeanFactory.java:335)
	at org.springframework.beans.factory.support.DefaultSingletonBeanRegistry.getSingleton(DefaultSingletonBeanRegistry.java:234)
	at org.springframework.beans.factory.support.AbstractBeanFactory.doGetBean(AbstractBeanFactory.java:333)
	at org.springframework.beans.factory.support.AbstractBeanFactory.getBean(AbstractBeanFactory.java:208)
	at org.springframework.beans.factory.config.DependencyDescriptor.resolveCandidate(DependencyDescriptor.java:276)
	at org.springframework.beans.factory.support.DefaultListableBeanFactory.doResolveDependency(DefaultListableBeanFactory.java:1380)
	at org.springframework.beans.factory.support.DefaultListableBeanFactory.resolveDependency(DefaultListableBeanFactory.java:1300)
	at org.springframework.beans.factory.support.ConstructorResolver.resolveAutowiredArgument(ConstructorResolver.java:887)
	at org.springframework.beans.factory.support.ConstructorResolver.createArgumentArray(ConstructorResolver.java:791)
	... 103 common frames omitted
Caused by: org.springframework.beans.factory.BeanCreationException: Error creating bean with name 'dataSource': Post-processing of FactoryBean's singleton object failed; nested exception is org.springframework.beans.factory.BeanCreationException: Error creating bean with name 'org.springframework.boot.autoconfigure.jdbc.DataSourceInitializerInvoker': Invocation of init method failed; nested exception is org.springframework.jdbc.datasource.init.ScriptStatementFailedException: Failed to execute SQL script statement #1 of URL [jar:file:/home/artem/IdeaProjects/aderenchuk-travel.agency/test-db/target/test-db-1.0-SNAPSHOT.jar!/data.sql]: INSERT INTO TOUR (TOUR_ID, DIRECTION, DATE_TOUR) VALUES (101, 'BREST-MOSCOW', '2021-08-01'), (102, 'MINSK-ROME', '2021-08-01'), (103, 'MOSCOW-BARCELONA', '2021-06-15'), (104, 'MINSK-RIGA', '2021-07-02'), (105, 'MINSK-DUBAI', '2021-05-25'); nested exception is org.h2.jdbc.JdbcSQLIntegrityConstraintViolationException: Нарушение уникального индекса или первичного ключа: "PRIMARY KEY ON PUBLIC.TOUR(TOUR_ID) [101, 'BREST-MOSCOW', DATE '2021-08-01']"
Unique index or primary key violation: "PRIMARY KEY ON PUBLIC.TOUR(TOUR_ID) [101, 'BREST-MOSCOW', DATE '2021-08-01']"; SQL statement:
INSERT INTO TOUR (TOUR_ID, DIRECTION, DATE_TOUR) VALUES (101, 'BREST-MOSCOW', '2021-08-01'), (102, 'MINSK-ROME', '2021-08-01'), (103, 'MOSCOW-BARCELONA', '2021-06-15'), (104, 'MINSK-RIGA', '2021-07-02'), (105, 'MINSK-DUBAI', '2021-05-25') [23505-200]
	at org.springframework.beans.factory.support.FactoryBeanRegistrySupport.getObjectFromFactoryBean(FactoryBeanRegistrySupport.java:119)
	at org.springframework.beans.factory.support.AbstractBeanFactory.getObjectForBeanInstance(AbstractBeanFactory.java:1884)
	at org.springframework.beans.factory.support.AbstractAutowireCapableBeanFactory.getObjectForBeanInstance(AbstractAutowireCapableBeanFactory.java:1266)
	at org.springframework.beans.factory.support.AbstractBeanFactory.doGetBean(AbstractBeanFactory.java:345)
	at org.springframework.beans.factory.support.AbstractBeanFactory.getBean(AbstractBeanFactory.java:208)
	at org.springframework.beans.factory.config.DependencyDescriptor.resolveCandidate(DependencyDescriptor.java:276)
	at org.springframework.beans.factory.support.DefaultListableBeanFactory.doResolveDependency(DefaultListableBeanFactory.java:1380)
	at org.springframework.beans.factory.support.DefaultListableBeanFactory.resolveDependency(DefaultListableBeanFactory.java:1300)
	at org.springframework.beans.factory.support.ConstructorResolver.resolveAutowiredArgument(ConstructorResolver.java:887)
	at org.springframework.beans.factory.support.ConstructorResolver.createArgumentArray(ConstructorResolver.java:791)
	... 117 common frames omitted
Caused by: org.springframework.beans.factory.BeanCreationException: Error creating bean with name 'org.springframework.boot.autoconfigure.jdbc.DataSourceInitializerInvoker': Invocation of init method failed; nested exception is org.springframework.jdbc.datasource.init.ScriptStatementFailedException: Failed to execute SQL script statement #1 of URL [jar:file:/home/artem/IdeaProjects/aderenchuk-travel.agency/test-db/target/test-db-1.0-SNAPSHOT.jar!/data.sql]: INSERT INTO TOUR (TOUR_ID, DIRECTION, DATE_TOUR) VALUES (101, 'BREST-MOSCOW', '2021-08-01'), (102, 'MINSK-ROME', '2021-08-01'), (103, 'MOSCOW-BARCELONA', '2021-06-15'), (104, 'MINSK-RIGA', '2021-07-02'), (105, 'MINSK-DUBAI', '2021-05-25'); nested exception is org.h2.jdbc.JdbcSQLIntegrityConstraintViolationException: Нарушение уникального индекса или первичного ключа: "PRIMARY KEY ON PUBLIC.TOUR(TOUR_ID) [101, 'BREST-MOSCOW', DATE '2021-08-01']"
Unique index or primary key violation: "PRIMARY KEY ON PUBLIC.TOUR(TOUR_ID) [101, 'BREST-MOSCOW', DATE '2021-08-01']"; SQL statement:
INSERT INTO TOUR (TOUR_ID, DIRECTION, DATE_TOUR) VALUES (101, 'BREST-MOSCOW', '2021-08-01'), (102, 'MINSK-ROME', '2021-08-01'), (103, 'MOSCOW-BARCELONA', '2021-06-15'), (104, 'MINSK-RIGA', '2021-07-02'), (105, 'MINSK-DUBAI', '2021-05-25') [23505-200]
	at org.springframework.beans.factory.support.AbstractAutowireCapableBeanFactory.initializeBean(AbstractAutowireCapableBeanFactory.java:1786)
	at org.springframework.beans.factory.support.AbstractAutowireCapableBeanFactory.doCreateBean(AbstractAutowireCapableBeanFactory.java:602)
	at org.springframework.beans.factory.support.AbstractAutowireCapableBeanFactory.createBean(AbstractAutowireCapableBeanFactory.java:524)
	at org.springframework.beans.factory.support.AbstractBeanFactory.lambda$doGetBean$0(AbstractBeanFactory.java:335)
	at org.springframework.beans.factory.support.DefaultSingletonBeanRegistry.getSingleton(DefaultSingletonBeanRegistry.java:234)
	at org.springframework.beans.factory.support.AbstractBeanFactory.doGetBean(AbstractBeanFactory.java:333)
	at org.springframework.beans.factory.support.AbstractBeanFactory.getBean(AbstractBeanFactory.java:233)
	at org.springframework.beans.factory.support.DefaultListableBeanFactory.resolveNamedBean(DefaultListableBeanFactory.java:1273)
	at org.springframework.beans.factory.support.DefaultListableBeanFactory.resolveNamedBean(DefaultListableBeanFactory.java:1234)
	at org.springframework.beans.factory.support.DefaultListableBeanFactory.resolveBean(DefaultListableBeanFactory.java:494)
	at org.springframework.beans.factory.support.DefaultListableBeanFactory.getBean(DefaultListableBeanFactory.java:349)
	at org.springframework.beans.factory.support.DefaultListableBeanFactory.getBean(DefaultListableBeanFactory.java:342)
	at org.springframework.boot.autoconfigure.jdbc.DataSourceInitializerPostProcessor.postProcessAfterInitialization(DataSourceInitializerPostProcessor.java:51)
	at org.springframework.beans.factory.support.AbstractAutowireCapableBeanFactory.applyBeanPostProcessorsAfterInitialization(AbstractAutowireCapableBeanFactory.java:437)
	at org.springframework.beans.factory.support.AbstractAutowireCapableBeanFactory.postProcessObjectFromFactoryBean(AbstractAutowireCapableBeanFactory.java:1929)
	at org.springframework.beans.factory.support.FactoryBeanRegistrySupport.getObjectFromFactoryBean(FactoryBeanRegistrySupport.java:116)
	... 126 common frames omitted
Caused by: org.springframework.jdbc.datasource.init.ScriptStatementFailedException: Failed to execute SQL script statement #1 of URL [jar:file:/home/artem/IdeaProjects/aderenchuk-travel.agency/test-db/target/test-db-1.0-SNAPSHOT.jar!/data.sql]: INSERT INTO TOUR (TOUR_ID, DIRECTION, DATE_TOUR) VALUES (101, 'BREST-MOSCOW', '2021-08-01'), (102, 'MINSK-ROME', '2021-08-01'), (103, 'MOSCOW-BARCELONA', '2021-06-15'), (104, 'MINSK-RIGA', '2021-07-02'), (105, 'MINSK-DUBAI', '2021-05-25'); nested exception is org.h2.jdbc.JdbcSQLIntegrityConstraintViolationException: Нарушение уникального индекса или первичного ключа: "PRIMARY KEY ON PUBLIC.TOUR(TOUR_ID) [101, 'BREST-MOSCOW', DATE '2021-08-01']"
Unique index or primary key violation: "PRIMARY KEY ON PUBLIC.TOUR(TOUR_ID) [101, 'BREST-MOSCOW', DATE '2021-08-01']"; SQL statement:
INSERT INTO TOUR (TOUR_ID, DIRECTION, DATE_TOUR) VALUES (101, 'BREST-MOSCOW', '2021-08-01'), (102, 'MINSK-ROME', '2021-08-01'), (103, 'MOSCOW-BARCELONA', '2021-06-15'), (104, 'MINSK-RIGA', '2021-07-02'), (105, 'MINSK-DUBAI', '2021-05-25') [23505-200]
	at org.springframework.jdbc.datasource.init.ScriptUtils.executeSqlScript(ScriptUtils.java:622)
	at org.springframework.jdbc.datasource.init.ResourceDatabasePopulator.populate(ResourceDatabasePopulator.java:254)
	at org.springframework.jdbc.datasource.init.DatabasePopulatorUtils.execute(DatabasePopulatorUtils.java:49)
	at org.springframework.boot.autoconfigure.jdbc.DataSourceInitializer.runScripts(DataSourceInitializer.java:202)
	at org.springframework.boot.autoconfigure.jdbc.DataSourceInitializer.initSchema(DataSourceInitializer.java:119)
	at org.springframework.boot.autoconfigure.jdbc.DataSourceInitializerInvoker.onApplicationEvent(DataSourceInitializerInvoker.java:91)
	at org.springframework.boot.autoconfigure.jdbc.DataSourceInitializerInvoker.onApplicationEvent(DataSourceInitializerInvoker.java:38)
	at org.springframework.context.event.SimpleApplicationEventMulticaster.doInvokeListener(SimpleApplicationEventMulticaster.java:176)
	at org.springframework.context.event.SimpleApplicationEventMulticaster.invokeListener(SimpleApplicationEventMulticaster.java:169)
	at org.springframework.context.event.SimpleApplicationEventMulticaster.multicastEvent(SimpleApplicationEventMulticaster.java:143)
	at org.springframework.context.support.AbstractApplicationContext.publishEvent(AbstractApplicationContext.java:421)
	at org.springframework.context.support.AbstractApplicationContext.publishEvent(AbstractApplicationContext.java:378)
	at org.springframework.boot.autoconfigure.jdbc.DataSourceInitializerInvoker.initialize(DataSourceInitializerInvoker.java:72)
	at org.springframework.boot.autoconfigure.jdbc.DataSourceInitializerInvoker.afterPropertiesSet(DataSourceInitializerInvoker.java:65)
	at org.springframework.beans.factory.support.AbstractAutowireCapableBeanFactory.invokeInitMethods(AbstractAutowireCapableBeanFactory.java:1845)
	at org.springframework.beans.factory.support.AbstractAutowireCapableBeanFactory.initializeBean(AbstractAutowireCapableBeanFactory.java:1782)
	... 141 common frames omitted
Caused by: org.h2.jdbc.JdbcSQLIntegrityConstraintViolationException: Нарушение уникального индекса или первичного ключа: "PRIMARY KEY ON PUBLIC.TOUR(TOUR_ID) [101, 'BREST-MOSCOW', DATE '2021-08-01']"
Unique index or primary key violation: "PRIMARY KEY ON PUBLIC.TOUR(TOUR_ID) [101, 'BREST-MOSCOW', DATE '2021-08-01']"; SQL statement:
INSERT INTO TOUR (TOUR_ID, DIRECTION, DATE_TOUR) VALUES (101, 'BREST-MOSCOW', '2021-08-01'), (102, 'MINSK-ROME', '2021-08-01'), (103, 'MOSCOW-BARCELONA', '2021-06-15'), (104, 'MINSK-RIGA', '2021-07-02'), (105, 'MINSK-DUBAI', '2021-05-25') [23505-200]
	at org.h2.message.DbException.getJdbcSQLException(DbException.java:459)
	at org.h2.message.DbException.getJdbcSQLException(DbException.java:429)
	at org.h2.message.DbException.get(DbException.java:205)
	at org.h2.message.DbException.get(DbException.java:181)
	at org.h2.mvstore.db.MVPrimaryIndex.add(MVPrimaryIndex.java:127)
	at org.h2.mvstore.db.MVTable.addRow(MVTable.java:531)
	at org.h2.command.dml.Insert.insertRows(Insert.java:195)
	at org.h2.command.dml.Insert.update(Insert.java:151)
	at org.h2.command.CommandContainer.update(CommandContainer.java:198)
	at org.h2.command.Command.executeUpdate(Command.java:251)
	at org.h2.jdbc.JdbcStatement.executeInternal(JdbcStatement.java:228)
	at org.h2.jdbc.JdbcStatement.execute(JdbcStatement.java:201)
	at org.springframework.jdbc.datasource.init.ScriptUtils.executeSqlScript(ScriptUtils.java:601)
	... 156 common frames omitted
]]></system-out>
  </testcase>
</testsuite>